10.0000
4.1730
4.2856
2.8799
-3.4346
-1.7860
-3.1347
-3.6989
-1.9263
-1.6230
-1.6671
-2.0801
-2.6108
-3.3047
-5.1161
-1.9494
-1.3187
-1.0988
-1.0638
-1.5060
-1.5512
-1.9569
-2.4602
-3.0354
-4.7874
-1.6607
-1.1227
-1.0021
-0.9676
7.0027
10.0000
7.0789
-0.1436
0.1783
1.0657
-2.9543
-4.9791
-0.4205
-2.6746
-2.7004
-3.0785
-3.3497
-3.9916
-4.6776
-3.6446
-0.4492
0.0855
0.2011
-2.5822
-2.6081
-2.9902
-3.2736
-3.8987
-4.3229
-3.4984
-0.1796
0.3075
0.4309
3.8720
4.3313
10.0000
-3.5668
-3.6896
2.8843
-4.9424
-5.6402
-2.4560
-3.5058
-3.5205
-3.7473
-4.0920
-4.5175
-5.2073
-5.6489
-3.5627
1.0059
1.2118
-3.4531
-3.4679
-3.6955
-4.0516
-4.4734
-5.1045
-5.4332
-3.4769
1.2959
1.5112
7.3904
3.0485
4.6643
10.0000
1.3628
1.6348
1.7821
-3.2131
-1.0665
-0.7379
-0.8115
-1.2742
-1.9062
-2.6042
-3.6614
-1.3694
-0.5797
-0.1976
0.0671
-0.5326
-0.6120
-1.0563
-1.5952
-1.9842
-3.0154
-0.6769
-0.1796
-0.0259
0.0341
5.9064
5.5771
5.9624
4.8906
10.0000
4.9050
-0.6641
-1.3685
1.2442
-1.8276
-1.8720
-2.4211
-2.6145
-3.3047
-3.9763
-2.8754
0.2715
0.9274
1.2136
-1.6655
-1.7110
-2.2928
-2.4602
-3.0354
-3.0965
-2.4372
0.7791
1.2897
1.5062
4.6111
3.3422
7.3771
1.0594
1.5534
10.0000
-3.6317
-3.6273
2.1516
-2.6746
-2.7004
-3.0785
-3.3529
-3.9923
-4.8900
-4.3740
-1.6399
1.8327
2.4491
-2.5822
-2.6081
-2.9902
-3.2767
-3.9116
-4.3229
-3.8326
-1.4186
2.2656
2.6434
5.1215
2.2853
3.2811
4.6761
0.6428
2.5361
10.0000
0.4690
0.8727
0.1317
0.0231
-0.5029
-1.2511
-1.7563
-0.6392
-0.8395
-0.1752
1.0057
1.3643
0.4920
0.3527
-0.1329
-0.6451
-0.6390
-0.3654
0.4644
0.7791
1.2883
1.5048
4.6111
2.6322
4.6643
3.6762
1.7727
4.0615
3.8149
10.0000
4.3056
-0.9850
-1.0584
-1.6906
-1.9062
-2.6042
-2.5360
0.1628
1.1271
1.8323
2.6473
-0.7005
-0.7804
-1.4500
-1.5952
-1.9842
-1.4793
-0.0544
1.7655
2.2583
2.6381
3.3143
2.4809
5.1149
2.4453
0.6421
4.7146
-0.0724
1.0364
10.0000
-1.8276
-1.8720
-2.4176
-2.6108
-3.3047
-4.1467
-3.7420
1.2950
2.7958
4.0479
-1.6655
-1.7110
-2.2928
-2.4602
-3.0354
-3.0965
-2.1683
0.2598
3.1724
3.8352
-3.6373
-2.9956
-2.9335
-3.7082
-3.0669
-3.0048
-3.9828
-3.5196
-3.4580
10.0000
4.0839
-0.9667
-4.3448
-5.3951
-6.3087
-5.5946
-4.4828
-2.7351
-2.7157
7.3024
0.4668
-2.6576
-3.4128
-3.9937
-3.8858
-3.3486
-2.8339
-2.5017
-2.4790
-3.1669
-2.1443
-2.0353
-3.3139
-2.2693
-2.1604
-3.4017
-2.7866
-2.6363
7.8846
10.0000
3.6288
-2.2624
-4.1324
-5.5995
-5.0153
-3.8208
-1.8994
-1.8467
6.4851
4.7444
0.1327
-1.6618
-2.7149
-2.9750
-2.5467
-2.0161
-1.5967
-1.5568
-2.0831
-1.2810
-1.0898
-2.4344
-1.4998
-1.3093
-2.9532
-1.9980
-1.7283
6.0227
5.4618
10.0000
2.8281
-2.1920
-4.7958
-4.3200
-3.1439
-1.0145
-0.7985
5.1588
4.3214
4.3819
0.4493
-1.1101
-1.8737
-1.6607
-1.1122
-0.6561
-0.5861
-0.7898
-0.4300
-0.0945
-1.3819
-0.8111
-0.4796
-2.8026
-1.2672
-0.7695
4.3661
3.3751
4.0440
10.0000
1.4868
-3.7057
-3.5821
-2.4106
-0.0204
0.3342
3.9009
3.2454
2.7551
3.5641
0.8527
-0.4954
-0.6769
-0.1796
0.3129
0.4357
0.8416
0.4690
0.9532
-0.0589
-0.2898
0.2775
-1.3433
-0.7136
0.2504
2.8777
2.0577
1.6678
2.7728
10.0000
-1.1338
-2.6221
-1.6974
1.0070
1.5651
2.7058
2.2772
1.8037
1.7864
3.5044
1.2252
0.4644
0.7791
1.2959
1.5112
3.1499
1.4018
2.0560
2.2382
0.3743
1.3346
3.4229
-0.6191
1.3527
1.5285
0.9642
0.4052
-0.1607
2.2911
10.0000
-0.2752
-0.7994
2.1008
2.9115
1.5705
1.3262
0.8526
0.4496
1.1270
3.6995
1.8713
1.7655
2.2656
2.6434
3.3805
0.8573
3.4310
2.8477
0.1057
3.0875
2.5091
0.3421
2.8340
0.2896
-0.0664
-0.5324
-1.3671
-1.0956
-0.9488
10.0000
1.6002
3.4165
4.3956
0.4920
0.3527
-0.0919
-0.6451
-0.6390
0.6680
3.7447
2.8121
3.1724
3.8352
2.1486
1.5311
3.1575
1.3317
0.2090
2.2082
1.3112
-0.2062
2.9740
-0.8439
-0.9851
-1.3822
-2.1585
-2.6093
-4.5824
-1.5476
10.0000
5.4942
6.0456
-0.5473
-0.6317
-1.0208
-1.5952
-1.9842
-1.4209
0.0849
3.9785
4.1108
5.0897
0.7064
0.5539
0.9125
0.2944
-0.3672
-0.1140
0.2534
-0.5750
-1.7089
-1.8067
-1.8458
-2.2061
-2.8197
-3.4326
-5.5823
-5.7729
-1.0952
10.0000
7.8980
-1.5199
-1.5680
-1.9257
-2.4602
-3.0354
-3.0383
-2.1683
-0.4847
4.3701
6.4102
-0.3289
-0.4165
-0.7153
-0.7036
-1.1155
-1.3872
-0.7437
-1.1919
-2.4914
-2.6619
-2.6859
-3.0145
-3.4315
-4.0492
-6.1601
-6.6550
-5.3077
2.5669
10.0000
-2.4439
-2.4713
-2.8008
-3.2736
-3.8987
-4.2688
-3.8326
-2.5887
-0.1949
6.9996
-4.2116
-3.8223
-3.7868
-4.2522
-3.8629
-3.8275
-4.5356
-4.1482
-4.1129
6.7601
-0.5178
-3.3367
-5.4096
-6.1805
-5.4635
-5.4136
-6.1917
-2.4470
-2.4240
10.0000
3.7902
-1.6073
-5.7789
-6.5228
-6.2391
-5.4442
-4.0342
-2.6511
-2.6313
-3.6373
-2.9956
-2.9335
-3.7082
-3.0669
-3.0048
-3.9828
-3.5196
-3.4337
6.4860
4.9106
-0.2882
-3.5608
-5.5609
-5.2916
-4.9473
-5.5521
-1.5392
-1.4990
7.8815
10.0000
3.3104
-2.5177
-5.1576
-5.2804
-4.7262
-3.2603
-1.8035
-1.7717
-3.0702
-2.1443
-2.0353
-3.2713
-2.2693
-2.1604
-3.4017
-2.7866
-2.6363
5.0892
4.3230
4.4658
-0.9473
-4.2412
-5.2903
-4.6029
-4.9414
-0.5959
-0.5252
6.0174
5.3355
10.0000
2.8828
-2.6578
-3.8647
-3.8706
-2.4451
-0.9324
-0.8842
-1.9136
-1.2810
-1.0898
-2.2568
-1.4998
-1.3093
-3.3914
-2.3479
-1.9289
3.8348
3.2527
2.8765
3.7857
-1.8186
-4.5938
-4.4422
-4.2988
0.3759
0.4997
4.3593
3.2527
4.0949
10.0000
1.8687
-1.5315
-2.6564
-1.5489
-0.0375
0.0991
-0.4924
-0.4300
-0.0945
-1.0421
-0.8111
-0.4796
-2.3203
-1.2672
-0.7695
2.6430
2.1882
1.5612
1.9379
3.5170
-3.1768
-3.7687
-3.6017
1.3614
1.5787
2.8699
1.9662
1.3483
3.2669
10.0000
2.5604
-0.7179
-0.4660
0.8949
1.3396
1.4304
0.4690
0.9532
0.6855
-0.2219
0.3062
0.2291
-0.7136
0.2504
1.5109
1.2516
0.6574
0.5763
1.4488
-0.8867
-3.2639
-2.5727
2.3331
2.7144
1.5200
0.9013
0.1314
0.0214
2.8701
10.0000
2.9773
1.0715
1.9231
2.7031
2.2115
-0.0158
2.2595
1.9078
-0.6105
2.0637
1.3489
-1.5678
1.5791
0.4353
0.2876
-0.2521
-0.5371
-0.2422
-4.2455
-1.5053
-1.8007
3.3079
3.9099
0.2872
-0.1049
-0.7560
-1.2205
-0.0335
2.5742
10.0000
3.7840
3.2378
4.2142
1.0412
0.6256
1.4534
0.8610
-0.1086
0.6651
0.1668
-0.7010
-0.2375
-0.9777
-1.0086
-1.1554
-1.5089
-1.6571
-5.5821
-4.3003
-0.7916
4.4071
5.1683
-0.8463
-1.0848
-1.5650
-2.0496
-1.6410
-1.0030
2.5196
10.0000
5.4021
5.9047
-0.0109
-0.2478
-0.4222
-0.1136
-0.6742
-1.0479
-0.8313
-1.3014
-2.6584
-2.0944
-2.1291
-2.2620
-2.3941
-2.8640
-6.0884
-4.6621
-4.5301
4.7026
6.4930
-1.8946
-2.0362
-2.5836
-2.7794
-2.8296
-3.0743
-2.1850
2.5459
10.0000
7.8156
-1.0103
-1.1454
-1.8421
-1.0689
-1.3899
-2.2207
-1.7776
-2.0375
-2.9230
-2.9897
-3.0095
-3.0984
-3.2242
-3.8229
-6.1669
-5.0544
-5.0877
-1.2448
6.7567
-2.8687
-2.9516
-3.3269
-3.4928
-3.8465
-4.4763
-4.5956
-2.2004
3.0939
10.0000
