10.0000
-0.0788
0.4593
-3.6252
-6.9281
-6.5731
-8.2287
-7.4718
-5.9713
-2.8910
-3.1570
-4.5252
-6.5609
-8.3597
-9.9573
-6.5656
-4.1150
-2.2449
-1.8134
-2.4941
-2.7608
-4.1311
-6.4331
-8.3358
-10.1085
-6.5043
-3.6771
-1.8049
-1.3904
4.2522
10.0000
4.6627
-7.7687
-5.8122
-6.2910
-11.0944
-8.9921
-5.4993
-3.6710
-3.8228
-4.7100
-6.5609
-8.3597
-9.9391
-7.9656
-4.2127
-1.7358
-1.0131
-3.3694
-3.5214
-4.4087
-6.4331
-8.3358
-9.9313
-7.8696
-3.8211
-1.1382
-0.4110
-0.1879
-2.1153
10.0000
-7.5095
-7.8977
-1.9062
-10.1824
-10.3835
-7.1606
-4.4302
-4.5167
-5.0806
-6.5858
-8.3597
-9.9391
-9.8641
-5.6970
-1.4363
-0.1723
-4.2010
-4.2876
-4.8525
-6.4725
-8.3358
-9.9313
-9.8387
-5.6320
-0.6557
0.6200
5.4240
-0.7005
3.0246
10.0000
-3.9272
-3.1972
-3.3353
-7.4386
-5.4993
-2.2690
-2.7338
-4.5252
-6.5609
-8.3597
-8.2245
-6.4711
-4.2728
-1.8064
-1.0561
-1.5728
-2.0406
-4.1247
-6.4331
-8.3358
-8.2679
-6.4015
-3.8426
-1.1382
-0.4110
4.1528
2.0991
4.2364
0.4927
10.0000
1.7134
-9.0512
-6.4857
-4.0284
-2.8910
-3.1570
-4.5340
-6.5858
-8.3597
-9.9391
-7.4262
-4.7339
-1.6885
-0.4053
-2.4941
-2.7608
-4.1311
-6.4725
-8.3358
-9.9313
-7.4114
-4.0880
-0.6557
0.6200
2.9451
-0.8625
5.5120
-4.8811
-4.4182
10.0000
-8.8317
-9.0122
-2.5970
-3.5956
-3.7475
-4.6359
-6.5609
-8.3597
-9.9391
-10.3717
-6.4519
-1.6885
0.3153
-3.3694
-3.5214
-4.4112
-6.4331
-8.3358
-9.9313
-10.3392
-6.0759
-0.5329
1.7053
1.9733
-0.8367
1.8734
0.6379
-4.0022
-1.9025
10.0000
-5.4735
-3.3207
-1.8243
-2.6292
-4.5252
-6.5609
-8.3597
-5.9701
-6.1551
-4.0383
-1.5875
-0.4053
-0.6029
-1.4237
-4.1247
-6.4331
-8.3358
-5.0813
-5.6814
-3.6771
-0.6557
0.6200
2.9451
-2.4748
3.0246
-1.4258
-3.3309
-2.4989
1.3669
10.0000
1.2990
-2.2690
-2.7338
-4.5252
-6.8070
-8.3597
-9.9391
-5.0501
-4.1314
-1.4363
0.0118
-1.5728
-2.0406
-4.1247
-6.7648
-8.3358
-9.9313
-4.5810
-3.2164
-0.5329
1.7053
1.7979
-0.8862
2.1005
-2.2217
-3.3925
-0.7993
-3.7858
-4.5772
10.0000
-2.8910
-3.1570
-4.5252
-6.8113
-8.3597
-9.9391
-10.5326
-3.9378
-1.4363
0.4092
-2.4941
-2.7608
-4.1311
-6.5925
-8.3358
-9.9313
-11.0243
-3.6848
-0.2892
2.8476
-4.6601
-4.0502
-3.9557
-4.8771
-4.2678
-4.1733
-6.0818
-5.3113
-5.1152
10.0000
-3.4279
-8.9403
-9.8086
-9.0328
-8.5390
-7.7649
-6.2472
-3.9641
-3.8314
4.4962
-4.0639
-8.6637
-10.5715
-9.7235
-8.1278
-6.0976
-4.1274
-3.3396
-3.2049
-4.2364
-3.2771
-3.1112
-4.6155
-3.6588
-3.4930
-6.3190
-5.0632
-4.7204
6.4504
10.0000
-3.9264
-8.9901
-9.8587
-8.7066
-7.5812
-5.9205
-3.3764
-3.1453
5.0679
2.6610
-4.9078
-8.2211
-9.7557
-8.1278
-6.1916
-3.7818
-2.5572
-2.3209
-4.0024
-2.5134
-2.2223
-4.6593
-3.1825
-2.8922
-6.3190
-5.0632
-4.5094
3.5701
0.9467
10.0000
-3.5702
-8.2470
-8.5922
-7.5812
-5.7673
-2.8761
-2.4752
3.8145
-1.0219
1.6403
-5.1324
-8.2247
-8.1278
-6.2033
-3.6771
-1.8049
-1.3904
-4.0691
-1.7973
-1.2867
-5.1841
-2.9686
-2.3665
-6.3190
-5.0632
-4.5094
1.2078
-1.7928
-1.2186
10.0000
-3.3503
-8.0141
-7.5441
-5.7673
-2.5298
-1.8382
2.6238
-1.0219
-4.1440
0.4104
-5.3466
-7.9320
-6.2033
-3.6771
-1.1382
-0.4110
-4.0096
-1.1977
-0.3018
-4.5567
-2.9686
-1.8477
-5.9120
-5.1056
-4.5094
-0.7524
-2.6077
-4.3904
-1.2901
10.0000
-5.8337
-7.3432
-5.3845
-2.4400
-1.2579
1.4926
-1.0219
-4.1247
-6.4331
0.2623
-5.4440
-5.6814
-3.8434
-0.6557
0.6200
-0.6915
-0.7650
0.7797
-2.3542
-3.6397
-1.5847
-0.7801
-5.2632
-4.5826
-1.7248
-2.9628
-4.7100
-5.0808
-2.5302
10.0000
-5.2324
-4.9825
-2.3315
-0.7372
0.4180
-1.0219
-4.1247
-6.4331
-8.3358
0.6420
-3.5149
-3.2164
-0.5329
1.7053
1.7979
-3.6287
1.8734
-1.4387
-4.4143
-1.6723
-4.4433
-5.1052
-3.9162
-2.2314
-3.0205
-4.9948
-6.3155
-6.8693
-7.4737
10.0000
-3.5630
-1.4470
1.2210
-0.6029
-1.4237
-4.1247
-6.4331
-8.3358
-9.9313
0.6610
-1.7746
-0.2892
2.8476
0.7080
-0.8625
-0.5509
-1.8575
-3.4394
-2.7981
-5.5744
-5.7751
-1.2252
-2.8104
-3.2662
-4.9630
-6.9123
-8.2747
-9.2739
-7.2269
10.0000
1.2852
3.5804
-1.5728
-2.0406
-4.1247
-6.4331
-8.3358
-9.9313
-10.2530
1.6725
0.7616
4.0502
-1.1912
-2.4902
-3.9307
-2.3428
-3.8705
-5.5463
-5.2786
-5.6511
-6.8480
-3.4348
-3.6968
-5.0396
-6.9295
-8.6001
-9.1745
-8.9103
-6.4976
10.0000
6.4564
-2.4941
-2.7608
-4.1311
-6.4725
-8.3752
-9.9555
-10.8885
-8.0670
2.0515
5.3159
-2.1317
-2.9379
-5.6246
-2.7881
-3.8705
-5.9961
-5.2786
-5.6511
-6.8480
-4.0843
-4.2346
-5.1087
-6.8886
-8.6001
-9.1669
-8.6804
-8.9581
-2.1096
10.0000
-3.3694
-3.5214
-4.4087
-6.4331
-8.3752
-9.9555
-10.6755
-10.2466
-6.1844
4.5120
-5.2513
-4.8118
-4.7579
-5.3752
-4.9358
-4.8819
-6.1465
-5.7096
-5.6318
4.6249
-6.4972
-8.9291
-9.1992
-8.2783
-7.4156
-6.9700
-7.4727
-3.4930
-3.3455
10.0000
-3.8575
-8.4160
-9.2965
-9.5058
-8.4221
-6.5488
-5.1341
-4.1933
-4.0476
-4.7583
-4.0502
-3.9557
-4.9751
-4.2678
-4.1733
-6.1766
-5.3113
-5.1331
5.1279
1.8990
-5.9897
-8.3158
-7.8192
-7.4245
-6.7374
-7.0295
-2.7277
-2.4690
6.5798
10.0000
-3.5490
-7.3021
-8.7566
-8.4221
-6.5488
-4.6548
-3.6445
-3.3927
-4.4087
-3.2771
-3.1112
-4.7863
-3.6588
-3.4930
-6.3272
-5.0632
-4.7204
3.8715
-0.8728
1.6087
-5.2952
-6.8526
-7.4245
-6.7228
-6.6525
-2.0001
-1.5463
3.7915
1.9476
10.0000
-2.4783
-6.7173
-8.4221
-6.5488
-4.3141
-2.9243
-2.6859
-4.3046
-2.5134
-2.2223
-4.9538
-3.1825
-2.8922
-6.3272
-5.0632
-4.5094
2.6779
-0.8728
-3.1256
0.6775
-4.6242
-7.4245
-6.7228
-6.4047
-1.3712
-0.5750
1.4928
-1.4933
-0.7506
10.0000
-1.8300
-7.3503
-6.5488
-4.1974
-2.2508
-1.8348
-4.5994
-1.7973
-1.2867
-5.0291
-2.9686
-2.3665
-6.0157
-5.0632
-4.5094
1.5440
-0.8728
-4.3508
-5.4717
0.3863
-7.4245
-6.7462
-6.3018
-0.9495
0.4473
-0.1177
-1.5160
-4.1700
-2.7540
10.0000
-2.7167
-6.1877
-4.1974
-1.6814
-0.9580
-2.1351
-1.1398
-0.2593
-2.7501
-2.8112
-1.6070
-5.1429
-5.3113
-4.6757
0.4668
-0.9108
-3.9898
-6.7486
-4.6302
-5.8924
-6.7462
-5.6324
-0.5735
1.5489
-1.0100
-1.8150
-4.3101
-6.5267
-2.2747
10.0000
-1.9575
-4.1974
-1.3127
-0.0525
0.7080
-3.3362
0.7797
-1.4258
-3.9572
-1.5847
-4.4433
-6.0167
-5.5033
-0.5565
-1.3418
-3.9898
-6.3252
-7.1176
-8.3731
-6.0552
-4.1214
-1.0404
2.6830
-1.8822
-2.3440
-4.3609
-6.7418
-6.6340
-3.2957
10.0000
-1.0496
-0.5107
1.6438
-0.3274
-1.2226
-2.6548
-2.1212
-2.9941
-4.4609
-5.5974
-5.9660
-6.2229
-1.5287
-1.9763
-3.9898
-6.3252
-8.2464
-8.3204
-7.8708
-5.1121
-0.7316
3.8769
-2.7293
-2.9937
-4.3609
-6.7487
-8.1854
-8.4422
-2.9774
10.0000
2.7595
3.9087
-2.1317
-2.9379
-5.3385
-2.7881
-3.8705
-5.9961
-5.2786
-5.7751
-6.8480
-2.4523
-2.7074
-4.0252
-6.3383
-8.2582
-8.2159
-7.8708
-7.8624
2.3683
5.1336
-3.3648
-3.6156
-4.5821
-6.5932
-8.4295
-9.8222
-8.1735
-2.7298
10.0000
6.6484
-3.0251
-3.5471
-5.6246
-3.3992
-4.0179
-5.9961
-5.2786
-5.6511
-6.8480
-3.3297
-3.4751
-4.3232
-6.3252
-8.6543
-8.1474
-7.7649
-8.1839
-5.9885
4.5492
-4.0232
-4.1669
-4.9851
-6.5932
-8.4295
-9.8222
-10.1965
-7.6884
-2.5263
10.0000
