10.0000
-7.3975
-5.8194
-12.2691
-11.1961
-10.9240
-14.0537
-11.1711
-10.6939
-6.9834
-7.3188
-8.9341
-10.2507
-11.6696
-13.4963
-10.4083
-8.8479
-7.2373
-6.4300
-5.6836
-6.0209
-7.8523
-9.9123
-11.6053
-13.4928
-10.3199
-8.4631
-6.2648
-5.6119
1.8170
10.0000
1.0336
-10.9645
-12.3272
-11.8147
-13.7850
-12.0470
-10.6841
-7.5014
-7.7049
-8.9341
-10.3351
-11.4996
-12.6891
-11.7061
-8.8479
-7.2373
-6.2899
-6.7080
-6.9120
-8.1461
-10.0772
-11.4367
-12.6297
-11.6645
-8.4631
-5.9622
-4.8546
-6.5057
-8.1272
10.0000
-10.7562
-10.7396
-12.1045
-13.7850
-13.6837
-11.0628
-7.8248
-7.9410
-8.7209
-10.4542
-11.5628
-12.6260
-13.8265
-10.2346
-7.2373
-6.2899
-7.3726
-7.4889
-8.2698
-10.3412
-11.5269
-12.5972
-13.8244
-10.1871
-5.9941
-3.8861
1.3304
-5.9599
-0.5532
10.0000
-8.7924
-7.6918
-13.9082
-11.1711
-10.6939
-7.1403
-7.3322
-8.4997
-10.0210
-11.4996
-13.5464
-10.4083
-8.8479
-7.2373
-6.2899
-4.9301
-5.5219
-7.7638
-9.8363
-11.4367
-13.5274
-10.3199
-8.4631
-5.9622
-4.8546
0.2639
-6.3200
0.4703
-8.4630
10.0000
-8.8131
-13.3483
-12.3019
-10.6841
-7.3102
-7.7502
-8.9463
-10.2507
-11.4658
-12.6997
-11.7421
-8.8479
-7.2373
-6.2899
-5.6836
-6.0209
-7.8523
-9.9123
-11.3848
-12.6880
-11.7000
-8.4631
-5.9941
-4.0575
-1.5258
-6.6682
1.5477
-8.0225
-8.2042
10.0000
-13.3455
-12.8652
-11.0628
-7.5014
-7.7049
-8.9341
-10.2075
-11.4996
-12.6908
-13.7231
-9.9170
-7.2373
-6.2899
-6.7080
-6.9120
-8.1461
-10.0138
-11.4367
-12.6753
-13.7193
-9.7723
-5.9622
-3.0380
-5.0579
-5.9781
-1.5256
-6.6559
-6.5550
-5.1072
10.0000
-10.1026
-10.6489
-6.9834
-7.3188
-8.4912
-10.0495
-11.6696
-13.8172
-10.4083
-8.8479
-7.2373
-6.1294
-4.1369
-5.1751
-7.7638
-9.7268
-11.6053
-13.7653
-10.3199
-8.4631
-5.9622
-3.8861
-0.7493
-8.3481
-0.5532
-5.4746
-8.5841
-6.6102
-9.9897
10.0000
-10.5417
-6.9834
-7.3188
-8.4997
-10.2075
-11.4351
-12.8827
-11.7061
-8.8479
-7.2373
-6.1294
-4.9301
-5.5219
-7.7638
-9.9991
-11.2935
-12.8708
-11.6645
-8.4631
-5.9622
-3.0380
-1.7118
-6.1638
-5.2335
-5.4746
-6.8204
-7.6539
-9.8857
-9.7248
10.0000
-6.9834
-7.3188
-8.9348
-10.2507
-11.4996
-12.7210
-13.8265
-9.9338
-7.2373
-6.1294
-5.6836
-6.0209
-7.8523
-9.9123
-11.4367
-12.7093
-13.8244
-9.7884
-5.9816
-2.1026
-8.9441
-7.5034
-7.2728
-8.9789
-7.8644
-7.5400
-9.2847
-8.7591
-8.6974
10.0000
-11.0060
-13.8617
-14.1654
-13.2368
-12.5843
-13.3825
-12.1697
-8.7237
-8.6408
1.5844
-10.4375
-13.6004
-14.3137
-13.3833
-12.2613
-10.4334
-8.4463
-7.1194
-6.8644
-8.6538
-7.0074
-6.6030
-8.7606
-7.3957
-7.0179
-9.2584
-8.1947
-8.0050
1.2929
10.0000
-12.3003
-14.1929
-13.2368
-12.4525
-12.9048
-12.6357
-8.3161
-8.1708
0.5007
-7.1346
-12.0174
-14.3075
-13.3796
-12.2613
-10.4486
-8.4982
-6.6204
-6.1731
-8.6538
-6.6074
-5.8979
-8.7606
-7.3957
-6.6143
-9.2584
-8.1947
-8.0050
-5.2491
-7.5287
10.0000
-13.4693
-13.2368
-12.4525
-12.9048
-12.5757
-7.9711
-7.7165
-0.5243
-5.1751
-9.1886
-13.1184
-13.3706
-12.2596
-10.3614
-8.4463
-6.2302
-5.4454
-8.7023
-5.9599
-4.1605
-8.7633
-6.6189
-5.1753
-9.2584
-8.2166
-7.8845
-5.5042
-7.5287
-8.8211
10.0000
-13.2213
-12.4345
-12.8894
-12.1113
-7.7374
-7.2915
-1.4981
-5.1234
-7.7638
-10.8570
-13.1698
-11.9457
-10.5119
-8.4631
-5.9622
-4.6793
-8.8234
-5.9781
-3.3268
-8.9024
-6.5550
-5.1072
-9.2847
-8.4093
-8.0550
-5.8386
-7.5287
-8.6772
-10.1559
10.0000
-12.4345
-12.6989
-11.5031
-7.6946
-6.9140
-2.4232
-5.1234
-7.7638
-9.7268
-12.2005
-11.8063
-10.3429
-8.4463
-5.9816
-3.8730
-5.6407
-5.9599
-2.4493
-6.7127
-6.5550
-5.1753
-8.4418
-8.1947
-8.0050
-6.2499
-7.5287
-8.7424
-10.2718
-11.4819
10.0000
-10.9413
-10.0697
-7.4135
-6.6086
-3.3020
-5.1234
-7.7638
-9.8089
-11.2935
-12.9473
-10.3884
-8.4463
-5.6638
-3.0242
-1.7118
-7.7063
-1.5256
-5.5202
-7.8914
-5.1072
-8.1468
-8.9543
-7.8845
-6.7119
-7.5287
-8.6772
-10.1559
-11.5748
-13.4252
10.0000
-10.0988
-7.5087
-6.0286
-4.1369
-5.1751
-7.7638
-9.7268
-11.3438
-12.8364
-11.6388
-8.4631
-5.6171
-2.1307
-2.6262
-6.1638
-6.2261
-5.4746
-6.8204
-6.6589
-8.1468
-8.4124
-8.2430
-7.2049
-7.6745
-8.8211
-10.1639
-11.4819
-13.3146
-13.0358
10.0000
-7.5087
-5.9999
-4.9301
-5.5219
-7.7638
-9.8089
-11.2935
-12.6970
-13.5639
-10.0630
-5.9622
-1.1606
-3.4949
-6.1638
-8.6795
-5.4746
-6.8204
-8.8011
-8.1468
-8.4124
-9.3772
-7.7143
-7.9836
-9.0961
-10.1559
-11.5900
-14.0547
-13.0358
-12.2657
10.0000
0.4504
-5.6836
-6.0209
-7.8523
-9.7268
-11.3438
-12.6880
-13.8775
-12.1693
-7.8703
-0.1691
-5.1536
-6.6682
-8.6795
-6.7703
-7.1145
-8.8011
-8.1468
-8.4124
-9.3772
-8.4954
-8.7413
-9.4497
-10.1639
-11.6089
-14.3090
-13.0358
-12.2657
-12.7287
10.0000
-6.3994
-6.5917
-7.7638
-9.8363
-11.4350
-12.7618
-13.7959
-13.9550
-11.1746
0.8418
-8.9441
-8.0729
-7.9413
-8.9789
-8.2806
-8.1491
-9.2847
-8.7591
-8.6974
0.4071
-10.9990
-13.9585
-13.9779
-12.8916
-11.6233
-12.1962
-13.5274
-7.8758
-7.7556
10.0000
-11.5289
-14.1195
-14.6509
-13.9512
-13.1989
-11.8607
-10.1032
-8.5934
-8.4375
-8.6538
-6.7528
-6.4196
-8.7606
-6.9407
-6.6075
-9.2584
-8.1947
-7.8845
0.2283
-6.3200
-12.3246
-13.9779
-12.8916
-11.5183
-11.7683
-13.2020
-6.8026
-6.4328
1.5797
10.0000
-12.5918
-14.6447
-13.9475
-13.1989
-11.8607
-9.6326
-7.9161
-7.7088
-8.6538
-6.2895
-5.7048
-8.7606
-6.6189
-6.0345
-9.5546
-8.1947
-8.0050
-1.6234
-6.2165
-6.3200
-13.6600
-12.8916
-11.5183
-11.7683
-13.1576
-6.3676
-5.7187
-4.2336
-6.5156
10.0000
-13.6842
-13.9354
-13.1916
-11.5393
-9.5733
-7.4391
-6.9863
-8.7023
-5.9781
-4.9524
-8.7633
-6.5550
-5.5309
-9.2584
-8.2166
-7.8845
-2.5423
-6.2165
-8.6866
-6.3200
-12.8806
-11.5164
-11.7606
-13.1569
-6.1055
-4.9671
-4.5692
-6.4565
-8.2579
10.0000
-13.7446
-12.8909
-11.4885
-9.5709
-7.2610
-6.4737
-8.8414
-5.9599
-4.1605
-8.9024
-6.5550
-5.1753
-9.2847
-8.1947
-8.0050
-3.4491
-6.2165
-8.6866
-10.2454
-6.3200
-11.5164
-11.7606
-13.1569
-6.1055
-4.1759
-4.9967
-6.7409
-8.1886
-9.8332
10.0000
-12.7684
-11.3536
-9.4797
-6.9081
-5.8119
-7.4581
-5.9599
-3.3268
-7.5797
-6.5550
-5.1072
-8.4418
-8.1947
-7.8845
-4.2767
-6.2165
-8.6866
-10.2623
-11.6090
-12.2766
-11.7606
-12.1438
-6.1730
-3.3430
-5.4705
-6.4565
-8.1161
-9.8332
-11.4652
10.0000
-10.5104
-8.9738
-6.6047
-5.3807
-2.6262
-7.7642
-2.4493
-6.1793
-7.9763
-5.5728
-8.1468
-8.8902
-7.8845
-5.0629
-6.2820
-8.6866
-10.4428
-11.5287
-13.5633
-11.5434
-12.3859
-6.1055
-2.4663
-5.9436
-6.5156
-8.1886
-9.9470
-11.3403
-12.8929
10.0000
-8.9885
-6.6047
-4.9850
-4.3722
-6.4530
-6.6873
-6.2240
-6.8277
-7.5390
-8.1468
-8.4124
-8.3225
-5.8097
-6.5147
-8.6866
-10.2623
-11.5643
-13.5633
-11.5973
-11.9597
-6.1055
-1.5435
-6.5607
-6.9946
-8.2579
-9.8332
-11.4206
-12.8509
-13.8816
10.0000
-6.6047
-4.7107
-4.3202
-6.1638
-8.6795
-5.4746
-6.8204
-8.8011
-8.1468
-8.4124
-9.3772
-6.5192
-6.9306
-8.6866
-10.5155
-11.6445
-13.5633
-11.5973
-11.1090
-6.3200
-0.5721
-7.3349
-7.5357
-8.6048
-10.1593
-11.4813
-13.2568
-14.1372
-14.6604
10.0000
0.8746
-5.8490
-6.4530
-8.6795
-6.2240
-6.8277
-8.8011
-8.1468
-8.4124
-9.3772
-7.1933
-7.4369
-8.7417
-10.5155
-11.6445
-13.5633
-11.5973
-11.1090
-12.5696
1.0900
-7.9408
-8.0870
-8.9985
-10.6287
-11.5010
-13.2568
-14.3565
-14.6604
-12.5399
10.0000
