10.0000
-4.2514
-1.5104
-5.5050
-7.6016
-7.2208
-11.2082
-8.0565
-7.3132
-3.0676
-3.3720
-4.8728
-6.8718
-8.6693
-11.3959
-7.1157
-4.6858
-2.6881
-2.1837
-2.6318
-2.9369
-4.4334
-6.7856
-8.6426
-11.3608
-7.0653
-4.4385
-2.2514
-1.7461
3.8232
10.0000
4.2032
-8.2539
-9.7255
-7.4454
-10.9318
-8.8941
-7.3132
-3.7486
-3.9224
-4.9040
-7.2938
-9.3232
-10.5613
-8.3794
-5.0137
-2.4350
-1.5531
-3.5002
-3.6741
-4.6508
-7.0497
-9.2750
-10.5117
-8.3586
-4.7428
-1.6719
-0.7854
-0.8949
-4.0137
10.0000
-7.6803
-8.0393
-5.8720
-10.6801
-10.5386
-7.7430
-6.1289
-6.1817
-6.5606
-7.7743
-9.4838
-10.9387
-10.6148
-6.3342
-2.3275
-0.7842
-6.0066
-6.0834
-6.4778
-7.6921
-9.4571
-10.9337
-10.6062
-6.2054
-1.3293
0.2259
5.0129
-3.2560
2.1349
10.0000
-5.8613
-4.8380
-5.4067
-8.0565
-7.3132
-2.4823
-3.0140
-4.9040
-6.8718
-8.6693
-11.3959
-7.1157
-4.6858
-2.2454
-1.3612
-1.7177
-2.2529
-4.5165
-6.7856
-8.6426
-11.3608
-7.0653
-4.4385
-1.6719
-0.7854
3.7622
-1.1414
3.3016
-1.2684
10.0000
-4.8659
-9.3220
-9.1477
-7.3132
-3.0676
-3.3720
-4.8728
-7.7743
-9.1211
-10.7555
-8.3942
-4.9595
-2.2454
-0.7842
-2.6318
-2.9369
-4.4334
-7.6579
-9.0373
-10.6623
-8.3629
-4.5315
-1.3293
0.2259
2.5741
-2.8425
5.0759
-5.0095
-5.7409
10.0000
-9.3485
-9.4643
-5.2491
-3.9419
-4.1152
-5.1718
-7.8931
-9.4838
-10.9549
-10.7583
-6.1867
-2.2454
-0.4818
-3.5002
-3.6741
-4.7363
-7.5770
-9.4571
-10.9337
-10.7437
-5.9721
-1.3293
1.2905
1.2746
-3.2560
1.0297
-4.1798
-4.7413
-2.5531
10.0000
-7.2677
-7.0135
-2.0968
-3.0140
-5.0248
-7.7743
-9.6489
-9.2065
-6.9147
-4.7914
-2.2454
-0.7842
-0.7555
-1.6777
-4.5165
-7.6921
-9.6063
-7.7306
-6.8345
-4.6497
-1.3293
0.2259
2.5741
-4.9089
2.1366
-3.0692
-5.8182
-3.2838
-0.7237
10.0000
-6.8712
-2.4823
-3.0140
-5.2671
-7.8931
-9.0634
-10.9387
-9.4819
-5.0137
-2.2454
-0.4818
-1.7177
-2.2529
-4.5165
-7.7725
-8.9189
-10.8597
-7.6892
-4.7428
-1.3293
1.2905
0.5577
-2.8425
1.3608
-3.0692
-4.4492
-3.8006
-6.9812
-6.0659
10.0000
-3.0676
-3.3720
-4.8728
-8.0639
-9.4838
-10.9387
-11.0618
-7.7576
-2.2454
-0.4818
-2.6318
-2.9369
-4.4334
-7.6579
-9.4571
-10.8597
-11.6022
-7.3523
-1.3293
2.4110
-6.4513
-5.4005
-5.2329
-6.6668
-5.6168
-5.3868
-7.5434
-6.5183
-6.2461
10.0000
-7.8649
-11.7556
-11.7463
-10.4465
-9.1485
-8.7894
-8.2826
-4.4869
-4.3247
3.6806
-7.5342
-11.8154
-12.2533
-11.2121
-9.8277
-7.0528
-4.6497
-3.6900
-3.5259
-6.4086
-4.7325
-4.4557
-6.7360
-5.1120
-4.7256
-7.5434
-6.4533
-5.9857
6.1261
10.0000
-9.6337
-11.7268
-10.4465
-9.1485
-8.6862
-8.1249
-3.9927
-3.7099
4.8708
-2.2967
-9.5453
-12.2305
-11.2121
-9.8277
-7.6600
-4.4385
-2.9468
-2.6588
-6.5082
-4.1052
-3.6376
-6.7360
-4.7702
-4.1110
-7.5434
-6.5183
-5.9529
3.0156
-3.9646
10.0000
-11.1412
-10.4465
-9.1485
-8.6129
-7.7811
-3.6206
-3.1291
3.6272
-1.5663
-2.0541
-11.1792
-11.2121
-9.6541
-7.1120
-4.5315
-2.2514
-1.7461
-6.5082
-3.5778
-2.7764
-6.7360
-4.7410
-3.6070
-7.5434
-6.4614
-6.0139
0.4936
-2.0614
-5.5008
10.0000
-10.4442
-9.1454
-8.5979
-7.5569
-3.4554
-2.6052
2.4459
-1.3899
-4.7363
-1.6880
-11.2121
-9.8277
-7.2217
-4.9251
-1.6719
-0.7854
-5.9901
-3.2560
-1.8699
-6.5091
-4.7410
-3.2847
-7.3708
-6.4614
-6.0139
-0.3861
-1.8624
-5.5008
-6.4496
10.0000
-9.1589
-8.6233
-7.4891
-3.4554
-2.1685
1.3236
-1.3292
-4.5971
-6.9941
-1.3933
-9.8277
-7.6541
-4.8919
-1.3293
0.2259
-1.5871
-3.2562
-0.9157
-4.1208
-4.7410
-3.2838
-5.7745
-6.4614
-5.9529
-2.0958
-3.2654
-5.0642
-7.8881
-6.1280
10.0000
-7.4201
-6.0672
-3.0998
-1.8602
0.2574
-1.3292
-4.5165
-7.5770
-8.9189
-1.2523
-6.8156
-4.7428
-1.4380
1.2905
1.4454
-4.9327
1.0297
-2.7292
-5.5666
-2.5531
-5.7792
-6.7574
-6.0139
-2.5439
-3.4463
-5.5812
-7.6460
-9.1099
-9.3796
10.0000
-6.2503
-2.9409
0.2136
-0.7555
-1.6777
-4.5971
-7.3881
-8.9189
-10.9337
-1.1707
-4.8919
-2.3758
2.4110
-0.4702
-2.8425
-1.4974
-2.6885
-4.4364
-3.3364
-5.5839
-6.1455
-5.7472
-3.0769
-3.5982
-5.5008
-7.4448
-9.1099
-9.9046
-8.6985
10.0000
-2.9409
2.7981
-1.7177
-2.2529
-4.5165
-7.1093
-8.9189
-10.9672
-11.2856
-1.2471
-1.9291
3.5905
-1.4467
-3.0819
-5.6829
-2.7111
-4.4364
-6.2258
-5.5839
-6.1455
-7.3048
-3.6648
-3.9646
-5.4470
-7.4271
-9.1099
-9.7487
-9.2536
-8.1988
10.0000
5.9989
-2.6318
-2.9369
-4.4334
-6.9941
-8.9189
-10.9672
-11.3625
-9.9535
-2.5290
4.8321
-2.3743
-3.3557
-6.1560
-3.0951
-4.4364
-6.4151
-5.7792
-6.1715
-7.3048
-4.2853
-4.4572
-5.4368
-7.4271
-9.1099
-9.7487
-9.2536
-9.4254
-4.3535
10.0000
-3.5002
-3.6741
-4.6508
-6.9941
-8.9189
-10.5117
-11.3625
-11.4838
-8.4847
3.5768
-6.7296
-6.0762
-5.9713
-6.8528
-6.1974
-6.0590
-7.5166
-6.8046
-6.6493
3.6917
-8.6286
-11.3502
-11.6466
-10.2843
-8.6428
-8.1773
-8.4612
-4.9704
-4.8753
10.0000
-8.2858
-11.3101
-12.1536
-11.1346
-10.1619
-8.8955
-7.3296
-5.8156
-5.7215
-6.4515
-5.4006
-5.2329
-6.6670
-5.6170
-5.3868
-7.5434
-6.5183
-6.2461
4.8198
-0.0719
-9.6445
-11.6281
-10.2843
-8.6428
-8.1378
-8.0398
-4.2461
-4.0792
6.1797
10.0000
-9.4393
-12.1318
-11.1346
-10.1619
-8.8955
-7.0693
-5.3569
-5.1928
-6.4089
-4.7327
-4.4557
-6.7360
-5.1122
-4.7256
-7.5434
-6.4614
-5.9857
3.5788
-3.2368
0.0650
-11.3388
-10.2843
-8.6428
-8.1491
-7.5915
-3.5340
-3.2413
3.1073
-2.2139
10.0000
-11.2342
-11.1346
-10.1619
-8.7849
-6.9328
-4.9920
-4.7065
-6.5082
-4.1054
-3.6376
-6.7360
-4.7705
-4.1110
-7.5434
-6.4614
-5.9529
2.3998
-1.3921
-6.3643
-0.0794
-10.2817
-8.6384
-8.1293
-7.2527
-2.8728
-2.3593
0.6118
-1.9301
-5.3508
10.0000
-11.1331
-10.1599
-8.7849
-5.5977
-2.8327
-2.2851
-6.2130
-3.5778
-2.7764
-6.5437
-4.7410
-3.6070
-7.3876
-6.4614
-6.0139
1.2799
-1.3072
-5.6879
-7.5270
-0.4573
-8.6410
-8.1378
-7.1258
-2.3318
-1.4308
-0.3309
-1.8858
-4.8335
-6.4694
10.0000
-10.1942
-8.7060
-5.7152
-2.1087
-1.2403
-3.0290
-3.2560
-1.8699
-4.0956
-4.7410
-3.2847
-6.4169
-6.4614
-5.9529
0.2159
-1.3072
-5.3897
-7.4206
-9.4829
-8.8222
-8.2147
-7.1258
-2.0342
-0.4535
-1.2026
-2.1187
-4.6205
-7.1778
-6.3005
10.0000
-6.9621
-5.1669
-1.8802
-0.3727
0.3731
-4.9089
-0.0218
-2.0064
-5.5666
-2.0640
-5.5839
-6.8431
-6.0139
-0.7949
-1.6630
-4.9799
-8.0108
-9.4572
-8.9289
-8.6280
-7.1258
-2.1979
0.5753
-2.0575
-2.5858
-4.8177
-7.7332
-9.2919
-6.1357
10.0000
-5.1669
-2.1001
0.5223
-1.4467
-2.8838
-3.2886
-2.7111
-4.4492
-4.4445
-5.5839
-6.1455
-6.4462
-1.7552
-2.2500
-4.4707
-7.6292
-9.4829
-8.8950
-8.3265
-8.3801
-3.2071
1.6582
-2.8901
-3.1925
-4.6777
-7.2937
-9.2919
-10.7509
-4.7828
10.0000
-2.6731
3.0378
-2.3743
-3.3557
-6.1560
-3.0951
-4.4364
-6.4151
-5.5839
-6.1455
-7.3048
-2.6674
-2.9495
-4.4036
-7.5270
-9.2708
-8.8240
-8.3265
-8.6138
-2.3740
1.9151
-3.7243
-4.0013
-5.3787
-7.0988
-9.0260
-10.6699
-10.5040
-4.5762
10.0000
6.1391
-3.3727
-3.8618
-6.1560
-3.7876
-4.4797
-6.4151
-5.7792
-6.1715
-7.3048
-3.5341
-3.6948
-4.6311
-6.9837
-9.1564
-8.8240
-8.3265
-8.6138
-7.4015
3.5065
-4.3373
-4.4961
-5.2411
-7.0988
-8.9654
-10.6699
-10.8762
-9.7587
-5.5912
10.0000
