7.3509
11.4713
16.1342
19.0334
12.2275
18.3581
19.9327
25.1924
8.5414
16.6881
19.6359
21.9437
13.8553
18.3581
26.3406
27.0414
11.5110
17.6289
20.4318
23.5954
16.1439
18.3581
25.4640
27.8747
14.7485
22.5849
24.7794
26.5019
18.1433
22.5849
28.1699
30.7718
10.8641
16.7300
20.5819
23.2774
16.3863
18.3581
26.1085
28.2463
13.8054
21.6860
24.2051
26.0852
19.9599
21.6860
30.7921
31.1411
16.9551
22.6247
25.9233
27.7611
20.9698
22.6247
30.7159
31.9363
19.7464
27.3328
30.3395
30.4385
23.7951
27.3328
34.9432
34.9432
8.4800
16.3448
17.9800
21.6374
15.3013
18.3581
24.8785
26.8543
11.1821
19.1968
21.9840
23.8373
15.4422
19.1968
28.6989
28.6989
14.4052
22.2587
24.3606
26.1956
18.7725
22.2587
28.6758
30.5937
17.2572
24.9681
27.5922
28.3028
19.9806
24.9681
30.6606
32.1889
15.4554
21.3598
23.4721
25.6718
21.4045
21.4045
30.0855
30.9603
16.3110
24.0692
28.2930
28.2930
21.5453
24.0692
34.0519
34.0519
19.4203
27.0230
29.6673
30.0283
24.8341
27.0230
33.7673
34.5144
22.1297
29.5969
32.9770
32.9770
25.0316
29.5969
37.1683
37.1683
9.6622
13.7102
19.1326
22.0344
13.6358
18.3581
23.1358
27.3071
13.6758
16.6992
21.9320
23.8618
15.6151
18.3581
26.3406
28.8673
14.3645
19.7558
24.1789
26.5640
18.4684
19.7558
28.5431
31.0002
18.4571
22.5954
26.7526
28.3005
20.3492
22.5954
30.5375
32.4824
13.2457
18.8569
22.7139
25.7436
18.9923
18.9923
28.4923
31.3640
17.9566
21.6965
26.6272
27.1783
20.8665
21.6965
30.7921
32.8388
18.6289
24.6453
28.3756
30.0904
23.5868
24.6453
33.9779
34.8743
22.5239
27.3429
30.5247
31.4530
25.3668
27.3429
35.8405
36.2754
13.8676
16.4314
22.3968
24.2460
16.0657
18.3581
26.0394
29.1941
16.4362
19.1971
24.7930
25.2229
17.1320
19.1971
28.7341
30.0364
17.4019
22.3410
27.7700
28.6647
21.0263
22.3410
31.0142
32.7928
20.5537
24.9684
29.2574
29.5932
21.7900
24.9684
32.6911
33.5930
16.9157
21.4421
26.4157
27.7509
21.5354
21.5354
31.2727
33.1543
20.0532
24.0695
28.7992
28.7992
22.3253
24.0695
34.0519
34.0519
21.5394
27.1012
31.4913
31.9934
27.1254
27.1254
36.2660
36.5750
24.5156
29.5972
33.1352
33.1352
27.1841
29.5972
37.5871
37.5871
7.7378
14.2260
15.3275
18.8034
12.8711
21.7275
18.7893
23.9562
10.3295
18.8380
18.6541
22.4906
16.2338
21.8540
25.0235
27.2058
13.4258
19.9255
19.4102
23.2354
17.2253
25.6439
24.1908
27.8177
16.9301
24.3044
23.5404
27.0834
20.1200
27.3705
26.7614
30.9048
10.0867
19.4501
18.5579
22.2360
18.0450
23.7003
24.8030
27.5128
15.4205
23.6576
23.4133
26.5921
22.3653
26.9041
29.2525
30.3500
16.4722
25.9360
24.6271
26.5674
22.9399
29.6198
29.1801
30.9454
22.7536
29.7529
28.8226
30.9798
26.2105
32.5081
33.1960
33.8901
9.3759
17.2050
17.0810
22.0691
16.6188
23.2173
23.5612
27.1325
13.6367
21.9799
20.8848
24.6025
17.8003
23.3501
27.2639
28.7792
16.0740
24.0959
23.1426
26.3968
20.5690
28.4619
27.2420
30.7113
19.9323
27.0139
26.2126
29.0897
22.1565
28.6292
29.1275
32.3995
15.1870
22.8308
22.2984
25.9719
22.1394
28.1993
28.5812
31.0549
18.3318
26.3671
26.8784
28.5985
25.0597
28.3254
32.3493
32.3493
21.7722
29.3501
28.1839
30.1056
26.7493
33.5450
32.0789
33.6919
25.6057
32.1748
31.3281
32.8858
28.4206
33.7039
35.3099
35.3116
9.5331
17.5959
18.1760
22.0282
15.1637
21.7275
21.9791
27.5830
13.7575
20.1910
21.6062
24.9712
17.2735
22.0141
25.0235
30.1123
15.1584
24.5359
22.9699
25.5556
20.4263
26.5705
27.1159
30.6216
18.8636
27.2643
26.1690
28.3505
22.5250
27.7185
29.0106
33.0244
13.9036
22.9436
21.6387
25.0676
21.0321
25.8464
27.0677
30.1782
18.1133
24.9525
25.4735
27.8536
23.1125
27.0562
29.2525
32.5808
19.7548
29.2548
26.9569
29.2548
26.1084
31.7481
32.2790
33.1305
23.0006
31.1858
29.8429
31.1858
28.0980
32.8388
34.0485
35.3695
13.4961
21.1897
21.3406
24.7979
18.2763
23.3402
24.7374
29.9447
15.9290
22.1509
23.5534
26.4083
20.1477
23.3901
27.2973
31.3510
19.5073
28.3880
26.3815
28.3880
23.0022
30.8737
29.4635
32.8652
21.8425
28.5017
28.0131
29.7510
24.1304
30.9365
31.0566
34.2011
17.8362
25.8077
25.2211
27.6702
23.9222
28.3160
29.7091
32.4213
20.1768
26.6968
27.3592
29.2277
25.7009
28.3634
32.3493
33.7575
23.6397
32.2533
29.9167
32.2533
29.2879
35.8362
34.4527
35.8362
25.6057
32.8204
31.5948
32.8858
29.6273
35.8959
35.7077
36.4874
8.1451
17.7378
12.4425
21.6281
13.5544
22.8767
19.2324
27.7453
12.3797
21.7607
17.7214
26.8354
20.3344
29.3177
23.7724
32.5838
14.4476
23.7252
18.4551
27.5323
19.7183
28.2001
24.1779
32.0126
19.8204
27.8211
23.0892
31.9347
23.7504
32.5629
26.9720
35.6234
13.7252
22.9178
18.5751
27.6464
21.2621
29.8033
23.5629
32.3847
19.4132
28.4425
22.2426
31.1305
26.1411
34.8341
27.9214
36.4004
20.8164
29.3312
24.3191
33.1032
26.4269
35.1056
28.2250
36.3351
26.5876
33.9512
28.0821
36.6780
31.2375
39.6756
31.5362
39.9594
11.3910
20.8214
16.7575
25.4199
18.9649
28.0167
23.8430
31.2640
16.3127
25.4970
20.5651
29.1874
24.0204
32.8194
26.2693
34.6057
19.5360
28.1006
22.9930
31.0059
23.7047
32.1066
27.9522
35.6685
23.2344
32.0727
25.6632
34.3801
26.4676
35.1442
29.0539
37.6012
19.0928
28.1382
21.9094
30.8139
26.2527
34.1456
28.3329
35.7946
22.8480
31.7056
25.5344
34.2577
30.1433
38.6361
30.7318
39.1952
25.9942
34.6945
28.2578
36.8449
30.7607
38.6573
31.6623
39.4365
30.9930
37.1413
30.9930
39.0011
33.9694
42.2710
33.9694
42.2710
10.8460
20.3037
17.4648
26.5916
17.4807
26.6067
22.8992
31.7543
14.3955
22.3628
20.5259
29.4996
20.3344
29.3177
26.9580
35.6101
18.3823
27.4632
22.2950
31.1803
23.4883
31.8716
26.6255
35.2883
21.4336
29.8121
24.8757
33.6175
25.9302
33.7347
30.6577
39.1248
17.1077
26.2523
21.5687
30.1622
24.4641
33.2409
26.5576
34.7720
19.4132
28.4425
24.8302
32.9898
26.4154
35.0947
30.2704
38.7569
23.7841
32.5948
27.0827
35.6285
30.0525
38.5499
31.1314
39.1318
26.5876
34.7328
28.9253
37.2828
32.3393
40.7223
33.8045
42.1143
15.1036
24.3484
20.4875
29.4631
20.3120
29.2151
25.7900
34.5005
17.9936
27.0940
22.3757
31.2515
24.0204
32.8194
28.6656
37.2324
23.0937
31.9390
25.8039
33.9686
26.5136
34.6543
29.3654
37.8971
25.2515
33.9889
26.6377
35.2819
27.7914
35.5877
32.2800
40.6660
21.3805
30.2318
24.3183
32.9417
27.6129
36.2323
28.9700
37.3808
22.8480
31.7056
26.7693
34.6541
30.1433
38.6361
31.8927
40.2980
28.3768
36.9580
29.8249
38.3337
32.9008
41.2558
34.0792
41.2558
30.9930
38.1219
31.4792
39.9053
34.1302
42.4237
35.7231
43.5784
8.5738
16.8509
11.9190
19.8672
17.2378
21.4120
20.4547
26.2110
13.0312
19.3717
16.5585
25.4936
21.4047
26.3575
23.7622
30.9546
12.1215
20.7288
17.5223
26.1418
20.5206
26.3421
25.4516
30.3505
17.7988
25.4127
21.2452
28.8553
25.4748
30.9347
28.5086
32.8381
14.7793
20.5307
16.5867
24.1530
22.3811
26.9914
25.2005
30.1539
19.2132
25.6694
20.6907
28.8023
26.8894
31.1037
27.7816
32.9331
19.4021
26.7943
22.4470
30.6147
27.8178
32.1744
29.9415
34.1604
23.8347
30.9316
26.0124
34.2118
31.5503
36.0266
32.3703
36.4651
11.8288
19.2355
15.9196
23.6900
19.9631
26.4865
23.4600
29.6772
17.1154
22.8068
19.2523
27.4061
25.2846
29.3299
26.0610
32.7842
17.3325
25.5513
20.9049
29.3419
26.3961
30.2025
28.9195
33.8507
20.9691
28.2579
23.5683
31.9740
28.3489
33.3870
31.1088
35.1664
19.1182
25.0975
20.6643
28.1000
27.2339
32.0311
27.5378
33.9784
23.0615
29.1985
23.0615
31.5255
30.9335
33.6739
30.9335
36.9340
24.6853
31.0852
25.6499
33.6642
32.9510
35.6412
32.9510
37.4320
26.8864
33.6346
28.2737
36.3600
34.1142
38.2087
34.2903
38.4917
9.3699
18.3241
16.0480
24.1045
17.9264
24.4662
24.1045
29.5485
13.0312
20.1910
18.8040
27.3638
21.4363
26.4118
27.3638
31.9117
16.6698
24.1745
20.7609
29.1938
24.4123
29.5453
28.0202
32.7213
19.2599
26.6399
22.8196
31.1786
27.6316
31.6447
31.1166
35.0625
17.6070
23.6927
19.4743
27.4482
25.7517
30.2712
27.4482
32.5161
20.3521
25.6694
22.4093
30.5445
28.0520
32.3485
30.5445
34.6484
24.7181
29.8610
24.9576
32.6121
31.7226
35.8205
32.2228
36.6766
26.3600
31.9279
26.6456
34.3332
34.1455
38.4621
34.1455
38.4621
13.1416
20.8768
19.1022
27.1473
22.5341
26.6836
27.1473
31.7674
17.6192
22.8523
21.2569
28.9600
25.2846
29.3744
28.9600
33.2263
20.8683
28.8249
23.7220
31.6577
28.6773
32.4747
31.4427
35.4543
23.1451
29.4696
25.5190
32.7048
31.0337
33.3870
33.1633
36.9372
21.8652
27.4668
22.4284
30.3389
30.8805
32.9740
30.8805
34.8970
24.4554
29.6084
24.6917
32.0609
31.5710
34.7626
32.0609
36.9608
28.3258
33.0077
28.3258
35.0637
36.1196
38.4165
36.1196
38.5996
30.6232
34.9459
30.6232
36.4888
37.1374
40.0280
37.1374
40.0361
9.0250
16.0084
9.7728
17.1366
16.3759
18.2072
17.3775
23.3516
15.0887
16.0084
15.0887
21.3661
17.7861
21.6571
20.5677
25.1011
9.0250
16.8889
14.2153
21.7074
16.5881
22.5175
21.6215
27.1891
15.0887
21.5613
18.0584
25.7292
21.7385
25.6113
24.6475
28.6878
13.7252
16.3264
13.8135
21.0401
17.5602
23.4770
21.0385
26.6866
15.6341
20.7644
17.5671
25.2625
21.7326
26.7485
24.0565
29.0364
15.0867
21.6539
18.1088
25.4157
22.4345
27.2088
25.2652
30.3296
19.3487
26.1013
21.9548
29.4308
26.5860
30.5115
28.0051
32.4437
13.6534
16.0084
13.6534
20.7542
17.0015
22.9799
20.3064
25.1292
19.4439
19.4439
19.4439
23.3724
20.8520
23.8700
22.3753
26.5370
13.6534
21.2539
17.4686
25.1440
20.8163
25.7034
24.3900
28.5281
19.4439
23.8126
20.0647
27.6352
24.1625
27.3977
26.3393
30.0518
15.3280
20.4821
16.8460
24.4768
22.7395
28.0110
23.8990
28.8670
19.4439
23.0125
19.5735
27.1685
24.3410
28.5012
25.7579
30.4007
19.1754
25.8109
21.2590
28.6805
26.3652
30.4008
27.8081
32.2784
21.5375
28.2423
23.8608
31.2415
28.7193
32.2086
29.6173
33.7410
9.0250
16.0084
13.5768
20.9835
16.3759
20.7733
21.2973
25.4003
15.0887
16.9826
16.6399
23.7153
17.9455
22.6146
23.6150
27.6721
13.2239
20.1744
17.4049
24.3526
20.7315
26.3013
24.6991
28.8977
15.8092
22.3722
20.3149
26.9478
21.9596
27.0727
26.8685
30.3778
13.8443
19.1914
16.9219
23.9057
21.6353
25.6763
24.2465
29.2470
16.1777
20.8206
19.8318
26.5008
23.8140
27.2252
26.4067
30.7088
20.1718
24.0351
20.5844
27.1300
26.9474
31.1670
27.5039
32.5991
21.5741
26.1650
23.3489
29.5950
29.0174
31.2727
29.5653
33.9876
13.6534
17.4483
16.4716
23.5550
17.3075
23.1213
23.5500
27.5411
19.4439
19.4439
19.4439
25.0727
20.9927
24.1548
25.0708
28.8026
16.0450
23.2815
20.1550
26.7955
23.4481
28.6447
26.9162
30.6412
19.4439
23.8719
21.7714
28.2373
24.2615
28.7562
28.2261
31.4518
16.6655
21.3163
19.6720
26.3482
24.3089
28.1453
26.4232
30.9900
19.4439
23.0492
21.2884
27.7903
25.4834
28.7078
27.7727
31.7809
23.0318
26.4583
23.1970
29.4504
29.4872
33.3932
29.6448
34.2551
23.2346
28.2986
24.7326
31.2416
30.6033
33.4992
30.8583
35.0061
9.5000
11.3274
9.5000
11.3274
15.2080
15.2080
15.2080
15.2080
15.8829
15.8829
15.8829
15.8829
15.8829
15.8829
15.8829
15.8829
9.5000
9.5000
9.5000
9.5000
15.2080
15.2080
15.2080
15.2080
15.8829
15.8829
15.8829
15.8829
15.8829
15.8829
15.8829
15.8829
9.5000
9.5000
9.5000
9.5000
15.2080
15.2080
15.2080
15.2080
15.8829
15.8829
15.8829
15.8829
15.8829
15.8829
15.8829
15.8829
9.5000
9.5000
9.5000
9.5000
15.2080
15.2080
15.2080
15.2080
15.8829
15.8829
15.8829
15.8829
15.8829
15.8829
15.8829
15.8829
14.3720
14.3720
14.3720
14.3720
15.2080
15.2080
15.2080
15.2080
15.8944
15.8944
15.8944
15.8944
15.8944
15.8944
15.8944
15.8944
14.3720
14.3720
14.3720
14.3720
15.2080
15.2080
15.2080
15.2080
19.0345
19.0345
19.0345
19.0345
19.0345
19.0345
19.0345
19.0345
14.3720
14.3720
14.3720
14.3720
15.2080
15.2080
15.2080
15.2080
15.8944
15.8944
15.8944
15.8944
15.8944
15.8944
15.8944
15.8944
14.3720
14.3720
14.3720
14.3720
15.2080
15.2080
15.2080
15.2080
19.0345
19.0345
19.0345
19.0345
19.0345
19.0345
19.0345
19.0345
9.5000
11.3274
9.5000
11.3274
15.2080
15.2080
15.2080
15.2080
15.8829
15.8829
15.8829
15.8829
15.8829
15.8829
15.8829
15.8829
9.5000
9.5000
9.5000
9.5000
15.2080
15.2080
15.2080
15.2080
15.8829
15.8829
15.8829
15.8829
15.8829
15.8829
15.8829
15.8829
12.0175
12.0175
12.0175
12.0175
15.2080
15.2080
15.2080
15.2080
15.8829
15.8829
15.8829
15.8829
15.8829
15.8829
15.8829
15.8829
12.0175
12.0175
12.0175
12.0175
15.2080
15.2080
15.2080
15.2080
15.8829
15.8829
15.8829
15.8829
15.8829
15.8829
15.8829
15.8829
14.3720
14.3720
14.3720
14.3720
15.2080
15.2080
15.2080
15.2080
19.4527
19.4527
19.4527
19.4527
19.4527
19.4527
19.4527
19.4527
14.3720
14.3720
14.3720
14.3720
15.2080
15.2080
15.2080
15.2080
19.4527
19.4527
19.4527
19.4527
19.4527
19.4527
19.4527
19.4527
14.3720
14.3720
14.3720
14.3720
15.2080
15.2080
15.2080
15.2080
19.4527
19.4527
19.4527
19.4527
19.4527
19.4527
19.4527
19.4527
14.3720
14.3720
14.3720
14.3720
15.2080
15.2080
15.2080
15.2080
19.4527
19.4527
19.4527
19.4527
19.4527
19.4527
19.4527
19.4527
10.0000
10.0000
10.0000
10.0000
14.4476
14.4476
14.4476
14.4476
16.7188
16.7188
16.7188
16.7188
16.7188
16.7188
16.7188
16.7188
10.0000
10.0000
10.0000
10.0000
14.4476
14.4476
14.4476
14.4476
16.7188
16.7188
16.7188
16.7188
16.7188
16.7188
16.7188
16.7188
10.0000
10.0000
10.0000
10.0000
14.4476
14.4476
14.4476
14.4476
16.7188
16.7188
16.7188
16.7188
16.7188
16.7188
16.7188
16.7188
10.0000
10.0000
10.0000
10.0000
14.4476
14.4476
14.4476
14.4476
16.7188
16.7188
16.7188
16.7188
16.7188
16.7188
16.7188
16.7188
13.6534
13.6534
13.6534
13.6534
14.4476
14.4476
14.4476
14.4476
21.2451
21.2451
21.2451
21.2451
21.2451
21.2451
21.2451
21.2451
13.6534
13.6534
13.6534
13.6534
14.4476
14.4476
14.4476
14.4476
21.2451
21.2451
21.2451
21.2451
21.2451
21.2451
21.2451
21.2451
13.6534
13.6534
13.6534
13.6534
14.4476
14.4476
14.4476
14.4476
21.2451
21.2451
21.2451
21.2451
21.2451
21.2451
21.2451
21.2451
13.6534
13.6534
13.6534
13.6534
14.4476
14.4476
14.4476
14.4476
21.2451
21.2451
21.2451
21.2451
21.2451
21.2451
21.2451
21.2451
10.0000
10.0000
10.0000
10.0000
14.4476
14.4476
14.4476
14.4476
16.7188
16.7188
16.7188
16.7188
16.7188
16.7188
16.7188
16.7188
10.0000
10.0000
10.0000
10.0000
14.4476
14.4476
14.4476
14.4476
16.7188
16.7188
16.7188
16.7188
16.7188
16.7188
16.7188
16.7188
10.0000
10.0000
10.0000
10.0000
14.4476
14.4476
14.4476
14.4476
16.7188
16.7188
16.7188
16.7188
16.7188
16.7188
16.7188
16.7188
10.0000
10.0000
10.0000
10.0000
14.4476
14.4476
14.4476
14.4476
16.7188
16.7188
16.7188
16.7188
16.7188
16.7188
16.7188
16.7188
13.6534
13.6534
13.6534
13.6534
14.4476
14.4476
14.4476
14.4476
21.2451
21.2451
21.2451
21.2451
21.2451
21.2451
21.2451
21.2451
13.6534
13.6534
13.6534
13.6534
14.4476
14.4476
14.4476
14.4476
21.2451
21.2451
21.2451
21.2451
21.2451
21.2451
21.2451
21.2451
13.6534
13.6534
13.6534
13.6534
14.4476
14.4476
14.4476
14.4476
21.2451
21.2451
21.2451
21.2451
21.2451
21.2451
21.2451
21.2451
13.6534
13.6534
13.6534
13.6534
14.4476
14.4476
14.4476
14.4476
21.2451
21.2451
21.2451
21.2451
21.2451
21.2451
21.2451
21.2451
7.3509
12.1081
16.9834
21.5027
12.1453
17.3877
21.2240
26.5183
11.5983
16.3829
21.0184
25.5638
18.6599
19.4365
27.7269
28.4646
12.7545
17.9073
22.1168
27.0120
18.2001
20.3598
27.2901
29.3418
17.8211
21.3625
26.9301
30.2944
23.8531
23.8531
31.4347
32.3913
12.2791
16.6341
21.6651
25.8024
19.2204
20.7715
28.2594
29.7330
16.7818
20.6498
25.9427
29.6173
23.7538
23.9790
32.5661
32.7801
19.3312
23.0210
28.3646
31.8700
24.9428
24.9428
33.6957
33.6957
23.9512
26.8673
32.7536
35.5239
29.1089
29.1089
37.0504
37.0504
10.6927
16.3288
20.1581
25.5124
17.9644
19.2291
26.8057
28.2677
15.2727
19.4717
24.5090
28.4981
21.7255
21.7255
30.6392
30.6392
18.2447
21.9070
27.3325
30.8117
22.1066
23.3726
31.0012
32.2039
20.9814
24.3897
29.9323
33.1702
26.5627
26.5627
33.8870
33.8870
17.1251
21.3232
26.2660
30.2571
24.1291
24.1291
32.3397
32.5898
20.8233
23.0373
29.7821
31.8854
27.2043
27.2043
35.8441
35.8441
24.1668
27.3780
32.9585
36.0091
29.7383
29.7383
38.2514
38.2514
27.1413
29.2543
35.7843
37.7916
31.6829
31.6829
39.3768
39.3768
11.4411
15.4641
20.8690
24.6909
16.6067
19.7308
25.7763
28.7443
15.1532
17.2105
24.3955
26.3500
18.6599
21.4596
27.7269
30.3866
17.5471
21.6202
26.6698
30.5392
22.0321
23.8229
30.7780
32.6317
20.4511
24.0816
29.4285
32.8775
23.8531
25.4652
32.1447
34.1920
15.9544
21.2815
25.1566
30.2012
22.3695
24.2260
30.9754
33.0147
20.0973
21.3037
29.0925
30.2385
24.4797
25.8602
32.5661
34.5672
22.7242
26.0659
31.5879
34.7472
27.9934
28.1155
36.3101
36.7097
24.9863
27.6481
33.7370
36.2657
29.9243
29.9243
38.4281
38.4281
16.8447
17.7189
26.0025
26.8330
19.5572
21.8217
28.3315
30.7306
20.0248
20.0248
29.0235
29.0235
21.7255
22.7550
30.6392
31.6173
21.9666
26.0145
30.8683
34.7138
25.0158
26.0145
33.2055
34.7138
24.3632
26.7986
33.1451
35.4586
27.0362
27.0362
34.4117
35.4586
20.5291
24.1032
28.8575
32.8745
25.6422
26.2098
33.7892
34.8993
22.3744
24.1032
31.2557
32.8946
27.6767
27.6767
35.8441
35.8441
26.0909
29.2657
34.7863
37.8024
32.5980
32.5980
40.9681
40.9681
28.1219
30.1150
36.7158
38.6093
33.3323
33.3323
41.6657
41.6657
7.7378
13.5147
16.1342
20.4275
13.5485
20.6411
20.1628
25.1924
12.2088
18.4031
19.9675
24.2856
19.8041
21.9828
26.3406
26.3406
14.1324
19.5092
21.0110
25.6614
19.1580
24.3617
25.4640
25.6614
18.7591
22.4868
25.5836
28.7796
25.1086
25.1086
29.8630
29.8630
12.9253
18.1885
20.5819
24.5123
20.3908
23.8000
26.8464
26.8464
17.6650
21.7366
24.6456
28.1364
25.5449
27.1907
30.9378
30.9378
20.8164
24.6811
26.9464
30.2765
26.5551
27.3341
31.1168
31.1168
25.2118
28.2814
31.1159
33.7477
30.7108
30.7108
34.9432
34.9432
10.5763
17.1882
19.1502
24.2368
18.9282
23.5737
25.4654
25.4654
16.0765
21.6665
23.2836
27.0732
23.5712
23.5712
29.1073
29.1073
19.5360
23.0600
25.9659
29.2711
23.7047
24.6269
28.8258
29.2711
22.0857
25.6733
28.4357
31.5117
27.9607
27.9607
32.1927
32.1927
18.0264
22.4455
24.9527
28.7442
25.4164
28.5827
30.7227
30.7227
21.9192
24.2497
28.2930
30.2911
29.8272
29.8272
34.0519
34.0519
25.4387
28.8189
31.3105
33.5532
31.3035
31.3035
35.0829
35.0829
28.5698
30.7941
33.9951
35.9021
33.3505
33.3505
37.4079
37.4079
12.0432
17.4079
19.3516
23.4564
17.4807
20.9370
24.4875
25.2364
15.4464
18.4803
23.1758
25.0325
19.8685
22.5891
26.3406
27.4961
18.3635
22.7581
25.3363
29.0122
23.1917
25.0850
29.2391
29.2391
21.0484
25.3746
27.9571
31.2336
25.1086
26.8162
30.5375
31.2336
16.5721
22.4015
23.8988
28.6912
23.5469
26.0777
29.4267
29.4267
21.1551
22.4249
27.5127
28.7266
25.7681
27.3468
30.9378
30.9378
23.7841
27.4378
30.0085
33.0099
30.8193
30.8193
34.4946
34.4946
26.0345
29.1790
32.0501
34.4524
33.2938
33.2938
36.5067
36.5067
17.7312
18.6515
24.7023
25.4913
20.5865
23.6665
26.9150
27.3823
21.0787
21.7097
27.5723
27.5723
23.6144
23.9526
29.1073
29.1073
23.1228
27.3837
29.3249
32.2612
26.3325
27.3837
31.5452
32.2612
25.1169
28.2090
31.4878
33.6857
28.4726
28.4726
32.6911
33.6857
21.6096
25.3718
26.9455
31.2308
26.9918
28.6708
32.0998
32.0998
24.6902
25.3718
29.6613
31.2499
29.8683
29.8683
34.0519
34.0519
27.4641
30.8060
33.0470
35.4225
34.3137
34.3137
37.7609
37.7609
29.6020
31.7000
34.8800
36.6788
35.1604
35.1604
39.5824
39.5824
8.1451
15.2079
15.3275
20.3996
14.2616
21.4120
21.4190
24.4766
13.7171
19.3717
18.9691
23.5372
21.4047
26.3575
24.3687
27.9604
15.2080
21.4120
19.9604
25.9652
20.7561
24.8476
26.6136
28.4228
20.8636
25.0248
24.3044
29.5281
26.4301
28.4736
29.1128
31.5755
14.4476
20.5307
19.5528
25.0686
21.9428
27.0636
26.0867
27.8910
20.4349
24.2051
23.4133
27.5796
27.7053
31.1037
29.3909
31.1630
21.9120
26.9629
25.5991
29.8527
27.9527
31.5205
31.0479
31.6464
27.9869
31.4364
29.5601
32.1484
32.8816
34.3278
33.4554
34.6808
11.9905
19.0451
18.1927
23.3537
19.9245
26.3057
25.0979
27.5694
18.0162
23.0111
22.1194
25.7196
25.2846
29.3299
27.6519
29.5953
21.1953
25.5692
24.6676
29.1478
26.3961
27.8891
29.4233
31.3553
24.4573
28.5547
27.0139
31.7642
29.4323
30.4375
31.3516
33.0885
20.0977
24.8704
23.7050
27.4068
27.6345
31.8397
29.8241
31.8397
24.2627
28.6143
26.8784
29.5397
31.7297
33.6739
32.3493
33.6739
27.3623
31.0852
29.7450
32.6813
32.9510
32.9510
33.3288
34.4374
32.6242
34.2126
32.6242
34.2126
35.7573
36.3174
35.7573
36.3174
11.4169
18.3746
18.3840
24.7456
18.4007
23.3817
24.1045
28.5295
15.1532
20.1910
22.0170
28.0246
21.4047
26.4118
28.3768
31.1762
19.3498
25.4010
24.0695
29.6212
24.7246
28.3591
28.0269
31.7784
23.3594
28.3215
26.5593
31.9367
28.4167
30.6978
32.2712
34.2928
18.0081
24.9397
22.7039
28.0525
25.7517
31.5788
27.9553
31.5788
20.4349
24.9525
26.1371
31.3403
27.7053
31.5788
31.8636
33.8801
25.0358
30.5043
28.5081
31.9631
32.4414
36.5805
32.7699
36.5805
27.9869
32.4486
30.4476
35.0866
35.5578
36.5805
35.5837
36.8628
16.8447
20.7660
23.4672
27.7969
21.6700
26.4085
27.1473
31.0318
20.0248
23.0111
26.1937
29.6889
25.2846
29.3744
30.1744
32.4785
24.3091
29.5040
27.8586
32.2078
28.7853
30.7831
30.9110
34.1556
26.5805
31.3564
29.9134
33.5178
31.1393
32.2637
33.9789
35.5299
22.5058
28.2216
25.5982
31.1240
29.3365
31.9374
30.4948
33.7417
24.3106
28.6143
28.1782
32.9214
31.7297
33.7008
33.5712
35.1164
29.8703
33.6220
31.3947
34.8810
36.1196
36.5805
36.1196
36.7313
32.6242
35.2136
33.1360
36.5886
37.4804
37.8733
37.6033
38.0373
8.5738
16.0084
13.2067
18.4359
18.1451
23.7252
22.5463
27.5141
15.0887
18.4031
18.0207
21.9177
24.3343
26.5391
27.1196
30.5560
14.4476
20.3414
18.9624
24.6669
23.4258
27.9002
28.0143
33.4336
19.2367
23.2661
23.0892
28.0517
27.9058
31.4773
31.9347
36.6492
15.5571
19.5041
18.5751
22.6244
24.7793
27.4699
27.4597
31.4932
21.5104
22.1428
21.7796
25.3931
30.4349
30.7931
30.6907
34.1235
21.5036
24.6811
23.8757
28.1537
30.4284
32.8703
32.6820
36.7460
26.5876
28.2960
28.0821
30.4573
34.6122
36.8812
36.6780
38.9345
13.1284
17.2903
17.2830
22.0703
21.9526
26.1974
26.4189
30.6783
18.9644
21.6665
21.0134
24.4336
28.0162
29.1430
29.9627
32.3246
20.1356
23.1030
23.4342
27.6904
27.7853
31.8217
31.2189
36.3059
22.6648
25.8348
25.6632
30.1760
30.9814
33.7391
34.3801
38.6672
21.0252
22.4957
22.5198
25.9872
29.9739
31.2014
31.3938
34.5503
25.5655
25.5655
25.5655
27.3377
34.2753
34.2753
34.2753
35.9708
26.4850
28.0481
27.9787
31.0473
35.1607
36.5848
36.1252
39.4949
29.8398
30.8195
30.6805
32.4016
37.9652
39.2696
39.0011
40.7815
10.9354
17.4079
17.4648
23.3355
20.3886
25.7539
26.1481
32.1688
15.0887
18.9233
20.9161
26.6234
24.3343
27.4746
29.8703
35.2922
18.4706
22.4121
22.8660
28.1402
26.8943
31.2915
31.1415
36.7332
22.1914
24.7337
25.2313
30.3398
31.0819
33.4970
33.9697
38.8228
19.5092
23.3660
22.4864
26.6498
28.5337
29.9999
29.4768
35.3173
22.5508
23.3660
24.7796
29.7733
30.8227
31.5064
33.5406
38.2846
26.6937
28.3677
29.4646
30.3650
35.3590
35.3590
35.3590
38.8467
28.8917
28.9234
29.6342
33.3322
37.4293
37.4293
37.4565
41.6656
15.1166
19.5031
22.2939
26.4070
23.7201
27.9422
29.7713
35.0867
20.5877
21.7097
24.8840
28.2045
29.5583
29.5583
32.1941
36.7943
22.9190
26.0855
26.4657
30.5974
30.8683
34.0293
34.1163
39.0675
25.6455
28.2090
28.4177
31.8419
33.4285
35.1929
35.7673
40.2498
23.6904
23.6904
24.2287
29.5678
32.5058
32.5058
32.9508
38.0894
25.7425
25.7425
26.6717
31.2753
34.3984
34.3984
35.3382
39.7116
30.7538
30.7538
30.7538
33.1370
39.1869
39.1869
39.1869
41.4801
33.4803
33.4803
33.4803
34.7592
40.9233
40.9233
40.9233
43.0212
9.0250
10.5960
10.6973
16.6156
17.2378
19.6607
19.0649
24.8098
15.8829
15.8829
15.8829
19.3750
21.4047
23.0859
23.4613
27.8899
10.0907
16.8421
15.6744
20.8505
18.6699
25.0250
23.5379
28.8330
15.8829
20.2229
19.6718
23.4412
25.2156
28.1024
29.1718
31.6411
14.7793
15.7340
14.7793
20.4186
19.4573
24.5009
22.8245
28.4226
15.8829
19.6032
18.3938
22.8077
23.6377
27.6190
26.5537
31.0839
18.4527
21.2428
19.4890
24.3153
26.5551
29.4852
27.3907
32.1245
22.8271
24.7347
23.9945
26.7694
30.7108
32.4464
33.4945
34.6738
14.3720
15.3875
14.3720
19.1105
18.8382
23.6431
22.5001
27.6750
20.4673
20.4673
20.4673
21.0860
25.2846
25.3381
25.7599
29.4841
16.5562
20.7025
18.7835
23.1307
23.0652
28.6924
27.0250
31.4365
20.4673
22.3735
21.9003
25.1130
28.0461
30.1061
31.4003
33.1556
17.2826
20.1413
18.0859
22.5772
25.4434
28.1592
26.4808
30.8693
20.5846
21.7522
20.5846
24.4771
28.5804
29.5793
28.5804
32.5970
22.6798
25.2186
22.6798
26.4760
30.5708
32.9827
30.8123
34.4671
25.5724
26.7745
26.1116
28.3575
33.3951
34.3088
35.6116
36.1124
9.0250
14.9662
14.2914
20.0481
17.2378
23.2429
23.5981
28.2510
15.8829
15.8829
17.5157
22.3322
21.4047
25.1727
25.2554
30.7611
14.0566
19.2636
18.3210
23.2209
22.6823
28.1651
27.3675
31.3664
16.5468
21.3649
21.3841
25.4580
25.2156
30.0984
29.1718
33.7510
14.7793
17.7554
17.8159
22.7088
22.3142
27.2211
26.8660
30.9034
17.0291
19.7515
20.8756
24.9856
24.3938
28.8113
28.1529
33.2746
22.9414
22.9520
22.9414
25.7489
30.8193
32.0445
30.8193
33.8864
25.5462
25.5462
25.5462
28.0001
33.2938
33.5552
33.4945
36.1388
14.3720
16.0860
17.3690
22.1627
19.8620
25.5964
26.0942
30.6160
20.4673
20.4673
20.4673
23.6771
25.2846
26.6846
26.7854
32.0103
20.1866
22.2403
21.2229
25.2925
25.8775
30.5009
29.8240
33.6131
22.6671
22.6671
22.9173
26.7288
28.0461
31.5348
31.4003
34.9377
19.9078
20.2251
20.7356
24.8177
27.9374
29.4443
29.2778
33.1457
22.2807
22.2807
22.4746
26.2563
30.1917
30.1917
30.1917
34.4580
26.1170
26.1170
26.1170
27.8413
33.8361
34.1565
33.8361
36.0168
28.1949
28.1949
28.1949
29.2072
35.8101
35.8101
35.8101
37.2630
9.5000
9.5000
9.5000
9.5000
16.3759
16.3759
16.3759
16.3759
16.7188
16.7188
16.7188
16.7188
16.7188
16.7188
16.7188
16.7188
9.5000
9.5000
9.5000
9.5000
16.3759
16.3759
16.3759
16.3759
16.7188
16.7188
16.7188
16.7188
16.7188
16.7188
16.7188
16.7188
9.5000
9.5000
9.5000
9.5000
16.3759
16.3759
16.3759
16.3759
16.7188
16.7188
16.7188
16.7188
16.7188
16.7188
16.7188
16.7188
9.5000
9.5000
9.5000
9.5000
16.3759
16.3759
16.3759
16.3759
16.7188
16.7188
16.7188
16.7188
16.7188
16.7188
16.7188
16.7188
15.4960
15.4960
15.4960
15.4960
16.3759
16.3759
16.3759
16.3759
16.7310
16.7310
16.7310
16.7310
16.7310
16.7310
16.7310
16.7310
15.4960
15.4960
15.4960
15.4960
16.3759
16.3759
16.3759
16.3759
20.0363
20.0363
20.0363
20.0363
20.0363
20.0363
20.0363
20.0363
15.4960
15.4960
15.4960
15.4960
16.3759
16.3759
16.3759
16.3759
16.7310
16.7310
16.7310
16.7310
16.7310
16.7310
16.7310
16.7310
15.4960
15.4960
15.4960
15.4960
16.3759
16.3759
16.3759
16.3759
20.0363
20.0363
20.0363
20.0363
20.0363
20.0363
20.0363
20.0363
9.5000
9.5000
9.5000
9.5000
16.3759
16.3759
16.3759
16.3759
16.7188
16.7188
16.7188
16.7188
16.7188
16.7188
16.7188
16.7188
9.5000
9.5000
9.5000
9.5000
16.3759
16.3759
16.3759
16.3759
16.7188
16.7188
16.7188
16.7188
16.7188
16.7188
16.7188
16.7188
9.5000
9.5000
9.5000
9.5000
16.3759
16.3759
16.3759
16.3759
16.7188
16.7188
16.7188
16.7188
16.7188
16.7188
16.7188
16.7188
9.5000
9.5000
9.5000
9.5000
16.3759
16.3759
16.3759
16.3759
16.7188
16.7188
16.7188
16.7188
16.7188
16.7188
16.7188
16.7188
15.4960
15.4960
15.4960
15.4960
16.3759
16.3759
16.3759
16.3759
20.4765
20.4765
20.4765
20.4765
20.4765
20.4765
20.4765
20.4765
15.4960
15.4960
15.4960
15.4960
16.3759
16.3759
16.3759
16.3759
20.4765
20.4765
20.4765
20.4765
20.4765
20.4765
20.4765
20.4765
15.4960
15.4960
15.4960
15.4960
16.3759
16.3759
16.3759
16.3759
20.4765
20.4765
20.4765
20.4765
20.4765
20.4765
20.4765
20.4765
15.4960
15.4960
15.4960
15.4960
16.3759
16.3759
16.3759
16.3759
20.4765
20.4765
20.4765
20.4765
20.4765
20.4765
20.4765
20.4765
10.0000
10.0000
10.0000
10.0000
11.2637
11.2637
11.2637
11.2637
17.5987
17.5987
17.5987
17.5987
17.5987
17.5987
17.5987
17.5987
10.0000
10.0000
10.0000
10.0000
10.0000
10.0000
10.0000
10.0000
17.5987
17.5987
17.5987
17.5987
17.5987
17.5987
17.5987
17.5987
10.0000
10.0000
10.0000
10.0000
10.8079
10.0000
10.8079
10.0000
17.5987
17.5987
17.5987
17.5987
17.5987
17.5987
17.5987
17.5987
10.0000
10.0000
10.0000
10.0000
10.0000
10.0000
10.0000
10.0000
17.5987
17.5987
17.5987
17.5987
17.5987
17.5987
17.5987
17.5987
14.3720
14.3720
14.3720
14.3720
14.3720
14.3720
14.3720
14.3720
22.3633
22.3633
22.3633
22.3633
22.3633
22.3633
22.3633
22.3633
14.3720
14.3720
14.3720
14.3720
14.3720
14.3720
14.3720
14.3720
22.3633
22.3633
22.3633
22.3633
22.3633
22.3633
22.3633
22.3633
14.3720
14.3720
14.3720
14.3720
14.3720
14.3720
14.3720
14.3720
22.3633
22.3633
22.3633
22.3633
22.3633
22.3633
22.3633
22.3633
14.3720
14.3720
14.3720
14.3720
14.3720
14.3720
14.3720
14.3720
22.3633
22.3633
22.3633
22.3633
22.3633
22.3633
22.3633
22.3633
10.0000
10.0000
10.0000
10.0000
11.2637
11.2637
11.2637
11.2637
17.5987
17.5987
17.5987
17.5987
17.5987
17.5987
17.5987
17.5987
10.0000
10.0000
10.0000
10.0000
10.0000
10.0000
10.0000
10.0000
19.5450
19.5450
19.5450
19.5450
19.5450
19.5450
19.5450
19.5450
10.0000
10.0000
10.0000
10.0000
10.0000
10.0000
10.0000
10.0000
17.5987
17.5987
17.5987
17.5987
17.5987
17.5987
17.5987
17.5987
10.0000
10.0000
10.0000
10.0000
10.0000
10.0000
10.0000
10.0000
17.5987
17.5987
17.5987
17.5987
17.5987
17.5987
17.5987
17.5987
14.3720
14.3720
14.3720
14.3720
14.3720
14.3720
14.3720
14.3720
22.3633
22.3633
22.3633
22.3633
22.3633
22.3633
22.3633
22.3633
14.3720
14.3720
14.3720
14.3720
14.3720
14.3720
14.3720
14.3720
22.3633
22.3633
22.3633
22.3633
22.3633
22.3633
22.3633
22.3633
14.3720
14.3720
14.3720
14.3720
14.3720
14.3720
14.3720
14.3720
22.3633
22.3633
22.3633
22.3633
22.3633
22.3633
22.3633
22.3633
14.3720
14.3720
14.3720
14.3720
14.3720
14.3720
14.3720
14.3720
22.3633
22.3633
22.3633
22.3633
22.3633
22.3633
22.3633
22.3633
7.3509
7.3509
13.0571
14.0972
7.3509
7.3509
13.0571
14.0972
11.2613
11.2613
16.4209
16.4209
11.2613
11.2613
16.4209
16.4209
13.4258
13.4258
18.5898
18.5898
13.4258
13.4258
18.5898
18.5898
18.7591
18.7591
21.6317
21.6317
18.7591
18.7591
21.6317
21.6317
12.6714
12.6714
17.2337
17.2337
12.6714
12.6714
17.2337
17.2337
17.0667
17.0667
22.1153
22.1153
17.0667
17.0667
22.1153
22.1153
19.7850
19.7850
22.8568
22.8568
19.7850
19.7850
22.8568
22.8568
25.2118
25.2118
26.6494
26.6494
25.2118
25.2118
26.6494
26.6494
11.2555
11.2555
17.0129
17.0129
11.2555
11.2555
17.0129
17.0129
14.9938
14.9938
18.8946
18.8946
14.9938
14.9938
18.8946
18.8946
17.7853
17.7853
22.1656
22.1656
17.7853
17.7853
22.1656
22.1656
22.0857
22.0857
23.8672
23.8672
22.0857
22.0857
23.8672
23.8672
18.0232
18.0232
21.8556
21.8556
18.0232
18.0232
21.8556
21.8556
20.2269
20.2269
24.4906
24.4906
20.2269
20.2269
24.4906
24.4906
23.9172
23.9172
26.0648
26.0648
23.9172
23.9172
26.0648
26.0648
28.3720
28.3720
28.8911
28.8911
28.3720
28.3720
28.8911
28.8911
12.0432
12.0432
17.0147
17.0147
12.0432
12.0432
17.0147
17.0147
15.9507
15.9507
20.8332
20.8332
15.9507
15.9507
20.8332
20.8332
18.4706
18.4706
21.5760
21.5760
18.4706
18.4706
21.5760
21.5760
21.5275
21.5275
25.1982
25.1982
21.5275
21.5275
25.1982
25.1982
16.7941
16.7941
20.9635
20.9635
16.7941
16.7941
20.9635
20.9635
21.0091
21.0091
24.5774
24.5774
21.0091
21.0091
24.5774
24.5774
23.9202
23.9202
25.3385
25.3385
23.9202
23.9202
25.3385
25.3385
26.3014
26.3014
28.7451
28.7451
26.3014
26.3014
28.7451
28.7451
17.2316
17.2316
20.6101
20.6101
17.2316
17.2316
20.6101
20.6101
20.4116
20.4116
22.6991
22.6991
20.4116
20.4116
22.6991
22.6991
22.9190
22.9190
24.9853
24.9853
22.9190
22.9190
24.9853
24.9853
25.6455
25.6455
26.9669
26.9669
25.6455
25.6455
26.9669
26.9669
20.3476
20.3476
24.3395
24.3395
20.3476
20.3476
24.3395
24.3395
23.5151
23.5151
26.3506
26.3506
23.5151
23.5151
26.3506
26.3506
27.2468
27.2468
28.5496
28.5496
27.2468
27.2468
28.5496
28.5496
28.5938
28.5938
30.4283
30.4283
28.5938
28.5938
30.4283
30.4283
7.7378
12.8390
15.3275
18.3178
11.0507
19.6091
18.0782
19.6091
13.7171
14.3510
15.8390
20.9227
15.8277
19.6091
21.7678
21.7678
14.1324
16.8246
17.6975
23.0547
15.1643
23.1436
21.6237
23.1436
19.7464
19.7464
20.9699
25.5293
19.7464
23.1436
24.8485
25.5293
13.3383
15.6180
16.8441
22.0147
16.8496
19.6091
23.0763
23.0763
18.4948
19.4236
20.2965
25.2948
20.6149
20.6149
26.3215
26.3215
21.9120
21.9120
21.9120
26.5668
21.9120
23.1436
26.4445
26.5668
26.5387
26.5387
26.5387
29.6828
26.5387
26.5387
29.5038
29.6828
11.1330
15.1954
16.6347
21.6505
16.6188
19.6091
22.8773
22.8773
18.0162
18.0162
18.3107
22.8646
18.5521
19.6091
24.1159
24.1159
20.5642
20.5642
21.1015
26.2292
20.5642
23.1436
24.6410
26.2292
23.2481
23.2481
23.2481
27.3742
23.2481
23.2481
26.5113
27.3742
18.1415
19.9432
21.6432
25.7426
22.1394
22.1394
27.6355
27.6355
21.7424
21.7424
22.5591
27.2449
22.2868
22.2868
27.7626
27.7626
26.5010
26.5010
26.5010
30.1162
26.5010
26.5010
29.3043
30.1162
29.8653
29.8653
29.8653
31.5354
29.8653
29.8653
31.0827
31.5354
14.1324
14.1324
16.0578
19.5114
14.1726
19.6091
20.7689
20.7689
17.2453
17.2453
19.6794
20.9227
17.2453
19.6091
22.5603
22.5603
19.3300
19.3300
20.4089
24.1777
19.3300
23.1436
25.1427
25.1427
22.1562
22.1562
23.8494
25.5293
22.1562
23.1436
26.8449
26.8449
17.4443
17.6973
19.7732
23.8068
19.7974
19.7974
25.6169
25.6169
22.2685
22.2685
23.2137
25.3929
22.2685
22.2685
27.3131
27.3131
24.2537
24.2537
24.4274
28.2693
24.6218
24.6218
29.7751
29.7751
26.9042
26.9042
27.2070
29.7760
26.9042
26.9042
31.3861
31.3861
19.5360
19.5360
19.5360
21.7510
19.5360
19.6091
22.9680
22.9680
22.1881
22.1881
22.1881
22.8646
22.1881
22.1881
24.1168
24.1168
24.3397
24.3397
24.3397
26.3013
24.3397
24.3397
27.2317
27.2317
26.4389
26.4389
26.4389
27.3742
26.4389
26.4389
28.1489
28.1489
23.4104
23.4104
23.4104
26.0270
23.4104
23.4104
27.7195
27.7195
25.9896
25.9896
25.9896
27.3131
25.9896
25.9896
28.6334
28.6334
28.7169
28.7169
28.7169
30.3785
28.7169
28.7169
31.7577
31.7577
30.5523
30.5523
30.5523
31.6003
30.5523
30.5523
32.6234
32.6234
8.1451
11.7165
11.4872
16.8970
11.9698
12.1023
18.0387
18.0387
14.4390
15.6555
14.4390
20.5236
17.6313
17.6313
20.4597
20.5236
16.0084
17.8634
16.6486
21.2165
16.8690
17.8634
22.5008
22.5008
21.9617
21.9617
21.9617
24.6618
21.9617
21.9617
24.4647
24.6618
15.2080
17.4319
16.2033
20.5557
18.4213
18.4213
22.1225
22.1225
21.5104
21.5104
21.5104
23.9122
22.5523
22.5523
24.0115
24.0115
23.0653
23.3032
24.2428
24.6923
25.5867
25.5867
29.5276
29.5276
29.4599
29.4599
29.4599
29.4599
30.2946
30.2946
32.2918
32.2918
12.6216
15.8676
14.7990
20.2796
17.8128
17.8128
20.1920
20.2796
18.9644
18.9644
18.9644
22.2870
20.6922
20.6922
22.2738
22.2870
22.3109
22.3109
22.3109
24.4299
22.3109
22.3109
24.2430
24.4299
25.7445
25.7445
25.7445
26.3370
25.7445
25.7445
26.1436
26.3370
21.1554
21.1554
21.1554
23.7700
23.9721
23.9721
23.9721
23.9721
25.5397
25.5397
25.5397
25.5886
25.5397
25.5397
25.7219
25.7219
28.8025
28.8025
28.8025
28.8025
29.5259
29.5259
32.0861
32.0861
34.3413
34.3413
34.3413
34.3413
34.3413
34.3413
34.3413
34.3413
12.0178
15.7553
15.1363
20.9244
14.8041
15.7553
21.1812
21.1812
15.9507
18.1035
18.5573
23.7040
17.8433
18.1035
23.5189
23.7040
20.3682
21.7090
20.3682
24.3573
21.8790
21.8790
24.6871
24.6871
24.5888
24.5888
24.5888
26.9979
24.5888
24.5888
26.8085
26.9979
18.9559
20.5949
18.9559
23.7299
21.1138
21.1138
24.1383
24.1383
21.5104
22.4131
21.9876
26.3426
22.7090
22.7090
26.3670
26.3670
26.5043
26.5043
26.5879
27.0196
27.8359
27.8359
32.4330
32.4330
29.4599
29.4599
29.4599
29.5163
30.4174
30.4174
34.5321
34.5321
17.7312
18.6246
18.3849
23.5419
17.9859
18.6246
23.4461
23.5419
21.0787
21.0787
21.0787
25.0861
21.0787
21.0787
24.9794
25.0861
25.5886
25.5886
25.5886
26.8439
25.5886
25.5886
26.8315
26.8439
27.9795
27.9795
27.9795
28.3110
27.9795
27.9795
28.1312
28.3110
23.6904
23.6904
23.6904
26.2136
24.1365
24.1365
26.3257
26.3257
25.5901
25.5901
25.5901
27.7112
25.5901
25.5901
27.7415
27.7415
31.4425
31.4425
31.4425
31.4425
31.4425
31.4425
34.3662
34.3662
34.3413
34.3413
34.3413
34.3413
34.3413
34.3413
35.6001
35.6001
8.5738
15.2080
10.4530
15.8839
13.4573
18.2817
18.6648
23.2466
15.8829
15.8829
15.8829
19.3906
20.4946
21.3645
22.4438
25.6737
15.2080
16.1306
15.6912
20.0981
19.7183
23.2567
23.1663
27.1635
20.8636
20.8636
20.8636
23.3236
24.0057
26.1854
26.9720
29.4693
16.3759
16.5717
16.3759
19.8157
18.8999
22.7540
22.8852
26.7678
22.6426
22.6426
22.6426
22.7264
23.3286
25.6827
26.2818
29.0736
22.6354
22.6354
22.6354
23.8046
26.1670
27.5055
27.2180
30.5087
27.4159
27.4159
27.4159
27.4159
29.3138
30.2877
30.6181
32.6992
13.8194
15.2080
14.5828
19.5018
18.5935
22.5732
22.1802
26.6254
19.9626
19.9626
19.9626
21.0800
24.2998
24.2998
24.3702
26.7539
19.7067
20.2866
19.8369
23.6548
24.0582
27.3337
27.8700
30.3734
23.2481
23.2481
23.2481
24.9217
26.9127
27.4888
28.8022
30.4955
22.1317
22.1317
22.1317
23.2162
24.9768
26.8310
26.0313
29.9776
26.9111
26.9111
26.9111
26.9111
28.2822
28.2822
28.2822
30.0997
27.8789
27.8789
27.8789
27.8789
30.2899
31.3786
30.9496
33.5581
31.4103
31.4103
31.4103
31.4103
33.0017
33.0017
33.0017
33.6740
11.5110
15.2080
16.0480
19.6913
16.8755
22.4883
22.8992
27.8685
15.8829
16.4193
17.8638
22.3364
20.5732
22.4883
25.9956
27.8685
19.4428
19.5864
20.1361
22.9760
23.4883
25.6377
26.6192
30.8543
22.4649
22.4649
22.4649
25.4888
26.9958
26.9958
29.5607
30.8543
20.5360
20.5360
23.6699
23.6699
23.4664
25.1260
26.0758
30.3692
23.7376
23.7376
23.8267
24.9889
25.7681
25.8154
29.0173
30.3692
28.0987
28.0987
31.0154
31.0154
29.7485
29.7485
31.0154
33.2300
30.4123
30.4123
31.1939
31.1939
32.0683
32.0683
32.4313
33.2300
15.9122
16.8753
18.7628
22.1848
19.8493
24.6096
25.7900
29.8796
21.6713
21.6713
21.6713
23.6543
24.3270
24.6096
27.5120
29.8796
24.1252
24.1252
24.1252
25.3443
27.3461
27.6529
30.3585
32.7649
26.9953
26.9953
26.9953
26.9953
29.5823
29.5823
31.0014
32.7649
24.9372
24.9372
24.9372
24.9372
27.4176
27.4176
28.8219
32.3158
27.0973
27.0973
27.0973
27.0973
29.8504
29.8504
30.4579
32.3158
32.3724
32.3724
32.3724
32.3724
33.4134
33.4134
33.4134
35.0793
35.2424
35.2424
35.2424
35.2424
35.5379
35.5379
35.5379
35.5379
9.0250
9.5003
9.0250
15.0623
16.3759
16.3759
16.3759
16.3759
16.7188
16.7188
16.7188
18.4062
16.7188
16.7188
16.7188
18.4062
13.2827
15.0599
13.2827
18.9883
16.3759
16.3759
16.3759
18.9883
19.8204
19.8204
19.8204
22.1368
19.8204
19.8204
19.8204
22.1368
15.5571
15.5571
15.5571
18.4217
16.3759
16.3759
16.3759
18.4217
18.3838
18.6230
18.3838
21.5720
18.3838
18.6230
18.3838
21.5720
19.2933
19.5622
19.2933
22.1738
19.2933
19.5622
19.2933
22.1738
23.0310
23.4979
23.0310
25.1645
23.0310
23.4979
23.0310
25.1645
15.1284
15.1284
15.1284
18.1549
16.3759
16.3759
16.3759
18.1549
21.5445
21.5445
21.5445
21.5445
21.5445
21.5445
21.5445
21.5445
16.1042
19.0101
16.3558
21.9321
16.3759
19.0101
16.3759
21.9321
21.5445
21.5445
21.5445
23.6524
21.5445
21.5445
21.5445
23.6524
18.0026
18.3819
18.0026
21.3659
18.0026
18.3819
18.0026
21.3659
21.6409
21.6409
21.6409
23.0876
21.6409
21.6409
21.6409
23.0876
23.4440
23.4440
23.4440
24.9694
23.4440
23.4440
23.4440
24.9694
25.7923
25.7923
25.7923
26.6043
25.7923
25.7923
25.7923
26.6043
9.0250
11.4868
12.6689
18.6535
16.3759
16.3759
16.3759
18.6535
16.7188
16.7188
16.7188
21.2156
16.7188
16.7188
16.7188
21.2156
15.9086
17.0084
16.2931
21.7822
16.3759
17.0084
16.3759
21.7822
19.8204
19.8204
19.8204
24.1851
19.8204
19.8204
19.8204
24.1851
16.7049
16.7049
16.7049
21.3317
16.7049
16.7049
16.7049
21.3317
19.2431
19.2431
19.2431
23.7363
19.2431
19.2431
19.2431
23.7363
23.6968
23.6968
23.6968
24.3179
23.6968
23.6968
23.6968
24.3179
25.8281
25.8281
25.8281
26.6001
25.8281
25.8281
25.8281
26.6001
15.1284
15.1284
15.4094
21.0141
16.3759
16.3759
16.3759
21.0141
21.5773
21.5773
21.5773
22.4932
21.5773
21.5773
21.5773
22.4932
19.2729
19.2729
19.2729
24.0279
19.2729
19.2729
19.2729
24.0279
23.3717
23.3717
23.3717
25.3924
23.3717
23.3717
23.3717
25.3924
20.5567
20.5567
20.5567
23.5768
20.5567
20.5567
20.5567
23.5768
22.8757
22.8757
22.8757
24.9434
22.8757
22.8757
22.8757
24.9434
27.0503
27.0503
27.0503
27.0503
27.0503
27.0503
27.0503
27.0503
27.9079
27.9079
27.9079
27.9079
27.9079
27.9079
27.9079
27.9079
9.5000
9.5000
9.5000
9.5000
9.5000
9.5000
9.5000
9.5000
17.5987
17.5987
17.5987
17.5987
17.5987
17.5987
17.5987
17.5987
9.5000
9.5000
9.5000
9.5000
9.5000
9.5000
9.5000
9.5000
20.3504
20.3504
20.3504
20.3504
20.3504
20.3504
20.3504
20.3504
14.4476
14.4476
14.4476
14.4476
14.4476
14.4476
14.4476
14.4476
17.7524
17.7524
17.7524
17.7524
17.7524
17.7524
17.7524
17.7524
14.4476
14.4476
14.4476
14.4476
14.4476
14.4476
14.4476
14.4476
23.1451
23.1451
23.1451
23.1451
23.1451
23.1451
23.1451
23.1451
16.3116
16.3116
16.3116
16.3116
16.3116
16.3116
16.3116
16.3116
20.6284
20.6284
20.6284
20.6284
20.6284
20.6284
20.6284
20.6284
16.3116
16.3116
16.3116
16.3116
16.3116
16.3116
16.3116
16.3116
22.1886
22.1886
22.1886
22.1886
22.1886
22.1886
22.1886
22.1886
16.3116
16.3116
16.3116
16.3116
16.3116
16.3116
16.3116
16.3116
22.7041
22.7041
22.7041
22.7041
22.7041
22.7041
22.7041
22.7041
16.3116
16.3116
16.3116
16.3116
16.3116
16.3116
16.3116
16.3116
27.1654
27.1654
27.1654
27.1654
27.1654
27.1654
27.1654
27.1654
9.5000
9.5000
9.5000
9.5000
9.5000
9.5000
9.5000
9.5000
17.5987
17.5987
17.5987
17.5987
17.5987
17.5987
17.5987
17.5987
9.5000
9.5000
9.5000
9.5000
9.5000
9.5000
9.5000
9.5000
20.8592
20.8592
20.8592
20.8592
20.8592
20.8592
20.8592
20.8592
14.4476
14.4476
14.4476
14.4476
14.4476
14.4476
14.4476
14.4476
20.5710
20.5710
20.5710
20.5710
20.5710
20.5710
20.5710
20.5710
14.4476
14.4476
14.4476
14.4476
14.4476
14.4476
14.4476
14.4476
26.2752
26.2752
26.2752
26.2752
26.2752
26.2752
26.2752
26.2752
17.0333
17.0333
17.0333
17.0333
17.0333
17.0333
17.0333
17.0333
22.7130
22.7130
22.7130
22.7130
22.7130
22.7130
22.7130
22.7130
17.1112
17.1112
17.1112
17.1112
17.1112
17.1112
17.1112
17.1112
26.0885
26.0885
26.0885
26.0885
26.0885
26.0885
26.0885
26.0885
17.4635
17.4635
17.4635
17.4635
17.4635
17.4635
17.4635
17.4635
26.5720
26.5720
26.5720
26.5720
26.5720
26.5720
26.5720
26.5720
17.5375
17.5375
17.5375
17.5375
17.5375
17.5375
17.5375
17.5375
30.8423
30.8423
30.8423
30.8423
30.8423
30.8423
30.8423
30.8423
10.0000
10.0000
10.0000
10.0000
10.0000
10.0000
10.0000
10.0000
18.5250
18.5250
18.5250
18.5250
18.5250
18.5250
18.5250
18.5250
10.0000
10.0000
10.0000
10.0000
10.0000
10.0000
10.0000
10.0000
21.4215
21.4215
21.4215
21.4215
21.4215
21.4215
21.4215
21.4215
10.0000
10.0000
10.0000
10.0000
10.0000
10.0000
10.0000
10.0000
18.5250
18.5250
18.5250
18.5250
18.5250
18.5250
18.5250
18.5250
10.0000
10.0000
10.0000
10.0000
10.0000
10.0000
10.0000
10.0000
24.3632
24.3632
24.3632
24.3632
24.3632
24.3632
24.3632
24.3632
15.4960
15.4960
15.4960
15.4960
15.4960
15.4960
15.4960
15.4960
24.2212
24.2212
24.2212
24.2212
24.2212
24.2212
24.2212
24.2212
15.4960
15.4960
15.4960
15.4960
15.4960
15.4960
15.4960
15.4960
24.2212
24.2212
24.2212
24.2212
24.2212
24.2212
24.2212
24.2212
15.4960
15.4960
15.4960
15.4960
15.4960
15.4960
15.4960
15.4960
24.2212
24.2212
24.2212
24.2212
24.2212
24.2212
24.2212
24.2212
15.4960
15.4960
15.4960
15.4960
15.4960
15.4960
15.4960
15.4960
28.3359
28.3359
28.3359
28.3359
28.3359
28.3359
28.3359
28.3359
10.0000
10.0000
10.0000
10.0000
10.0000
10.0000
10.0000
10.0000
18.5250
18.5250
18.5250
18.5250
18.5250
18.5250
18.5250
18.5250
10.0000
10.0000
10.0000
10.0000
10.0000
10.0000
10.0000
10.0000
21.9571
21.9571
21.9571
21.9571
21.9571
21.9571
21.9571
21.9571
12.6717
12.6717
12.6717
12.6717
12.6717
12.6717
12.6717
12.6717
18.5250
18.5250
18.5250
18.5250
18.5250
18.5250
18.5250
18.5250
12.6717
12.6717
12.6717
12.6717
12.6717
12.6717
12.6717
12.6717
27.6581
27.6581
27.6581
27.6581
27.6581
27.6581
27.6581
27.6581
15.4960
15.4960
15.4960
15.4960
15.4960
15.4960
15.4960
15.4960
24.2212
24.2212
24.2212
24.2212
24.2212
24.2212
24.2212
24.2212
15.4960
15.4960
15.4960
15.4960
15.4960
15.4960
15.4960
15.4960
25.3585
25.3585
25.3585
25.3585
25.3585
25.3585
25.3585
25.3585
15.4960
15.4960
15.4960
15.4960
15.4960
15.4960
15.4960
15.4960
24.4921
24.4921
24.4921
24.4921
24.4921
24.4921
24.4921
24.4921
15.4960
15.4960
15.4960
15.4960
15.4960
15.4960
15.4960
15.4960
30.9229
30.9229
30.9229
30.9229
30.9229
30.9229
30.9229
30.9229
7.3509
7.3509
7.3509
7.3509
7.3509
7.3509
7.3509
7.3509
11.8541
11.8541
11.8541
11.8541
11.8541
11.8541
11.8541
11.8541
14.1324
14.1324
14.1324
14.1324
14.1324
14.1324
14.1324
14.1324
19.7464
19.7464
19.7464
19.7464
19.7464
19.7464
19.7464
19.7464
13.3383
13.3383
13.3383
13.3383
13.3383
13.3383
13.3383
13.3383
17.9649
17.9649
17.9649
17.9649
17.9649
17.9649
17.9649
17.9649
20.8263
20.8263
20.8263
20.8263
20.8263
20.8263
20.8263
20.8263
26.5387
26.5387
26.5387
26.5387
26.5387
26.5387
26.5387
26.5387
11.8479
11.8479
11.8479
11.8479
11.8479
11.8479
11.8479
11.8479
15.7830
15.7830
15.7830
15.7830
15.7830
15.7830
15.7830
15.7830
18.7214
18.7214
18.7214
18.7214
18.7214
18.7214
18.7214
18.7214
23.2481
23.2481
23.2481
23.2481
23.2481
23.2481
23.2481
23.2481
18.9718
18.9718
18.9718
18.9718
18.9718
18.9718
18.9718
18.9718
21.2915
21.2915
21.2915
21.2915
21.2915
21.2915
21.2915
21.2915
25.1760
25.1760
25.1760
25.1760
25.1760
25.1760
25.1760
25.1760
29.8653
29.8653
29.8653
29.8653
29.8653
29.8653
29.8653
29.8653
12.6771
12.6771
12.6771
12.6771
12.6771
12.6771
12.6771
12.6771
16.7903
16.7903
16.7903
16.7903
16.7903
16.7903
16.7903
16.7903
19.4428
19.4428
19.4428
19.4428
19.4428
19.4428
19.4428
19.4428
22.6605
22.6605
22.6605
22.6605
22.6605
22.6605
22.6605
22.6605
17.6780
17.6780
17.6780
17.6780
17.6780
17.6780
17.6780
17.6780
22.1149
22.1149
22.1149
22.1149
22.1149
22.1149
22.1149
22.1149
25.1791
25.1791
25.1791
25.1791
25.1791
25.1791
25.1791
25.1791
27.6857
27.6857
27.6857
27.6857
27.6857
27.6857
27.6857
27.6857
18.1385
18.1385
18.1385
18.1385
18.1385
18.1385
18.1385
18.1385
21.4859
21.4859
21.4859
21.4859
21.4859
21.4859
21.4859
21.4859
24.1252
24.1252
24.1252
24.1252
24.1252
24.1252
24.1252
24.1252
26.9953
26.9953
26.9953
26.9953
26.9953
26.9953
26.9953
26.9953
21.4185
21.4185
21.4185
21.4185
21.4185
21.4185
21.4185
21.4185
24.7528
24.7528
24.7528
24.7528
24.7528
24.7528
24.7528
24.7528
28.6809
28.6809
28.6809
28.6809
28.6809
28.6809
28.6809
28.6809
30.0988
30.0988
30.0988
30.0988
30.0988
30.0988
30.0988
30.0988
7.7378
10.7623
14.5611
17.4019
9.6360
10.7623
16.0249
17.4019
14.4390
14.4390
15.0471
19.8765
15.0363
15.0363
20.6794
20.6794
14.8762
15.9834
16.8126
21.9019
14.8762
15.9834
19.3440
21.9019
20.7857
20.7857
20.7857
24.2529
20.7857
20.7857
23.3420
24.2529
14.0403
14.8371
15.6664
20.9140
14.8619
14.8619
20.5290
20.9140
19.4683
19.4683
19.4683
24.0300
19.4683
19.4683
23.7288
24.0300
23.0653
23.0653
23.0653
25.2384
23.0653
23.0653
23.6572
25.2384
27.9355
27.9355
27.9355
28.1987
27.9355
27.9355
27.9355
28.1987
11.7189
14.1663
14.9955
20.3358
14.4617
14.4617
20.1842
20.3358
18.9644
18.9644
18.9644
21.7214
18.9644
18.9644
22.9101
22.9101
21.6466
21.6466
21.6466
24.6892
21.6466
21.6466
21.6466
24.6892
24.4717
24.4717
24.4717
26.0054
24.4717
24.4717
25.1255
26.0054
19.0963
19.0963
19.0963
23.5410
19.4230
19.4230
24.4602
24.4602
22.8867
22.8867
22.8867
25.8826
22.8867
22.8867
25.6321
25.8826
27.8958
27.8958
27.8958
27.8958
27.8958
27.8958
27.8958
27.8958
31.4371
31.4371
31.4371
31.4371
31.4371
31.4371
31.4371
31.4371
14.8762
14.8762
16.7735
17.4019
14.8762
14.8762
17.9117
17.9117
18.1529
18.1529
18.1529
19.8765
18.1529
18.1529
20.6924
20.6924
20.3474
20.3474
20.3474
21.9019
20.3474
20.3474
21.4418
21.9019
23.8531
23.8531
23.8531
24.2529
23.8531
23.8531
23.8531
24.2529
18.3624
18.3624
18.3624
22.6165
18.3624
18.3624
22.3256
22.6165
23.4405
23.4405
23.4405
24.1232
23.4405
23.4405
23.7850
24.1232
25.5302
25.5302
25.5302
26.8558
25.5302
25.5302
25.6559
26.8558
29.1089
29.1089
29.1089
29.1089
29.1089
29.1089
29.1089
29.1089
20.5642
20.5642
20.5642
20.5642
20.5642
20.5642
20.5642
20.5642
23.3559
23.3559
23.3559
23.3559
23.3559
23.3559
23.3559
23.3559
25.6208
25.6208
25.6208
25.6208
25.6208
25.6208
25.6208
25.6208
27.8304
27.8304
27.8304
27.8304
27.8304
27.8304
27.8304
27.8304
24.6426
24.6426
24.6426
24.7257
24.6426
24.6426
24.6426
24.7257
27.3575
27.3575
27.3575
27.3575
27.3575
27.3575
27.3575
27.3575
30.2283
30.2283
30.2283
30.2283
30.2283
30.2283
30.2283
30.2283
32.1603
32.1603
32.1603
32.1603
32.1603
32.1603
32.1603
32.1603
8.1451
11.0854
12.8765
16.0522
9.2328
11.0854
12.8765
16.0522
15.1990
15.1990
15.1990
19.4975
15.1990
15.1990
15.1990
19.4975
16.8509
16.8509
16.8509
20.1557
17.7568
17.7568
21.5032
21.5032
23.1176
23.1176
23.1176
23.4287
23.1176
23.1176
24.3405
24.3405
14.7793
14.9354
14.7793
19.5279
14.7793
14.9354
14.7793
19.5279
22.6426
22.6426
22.6426
22.6827
22.6426
22.6426
22.6426
22.6827
24.2793
24.2793
25.5187
25.5187
26.9334
26.9334
31.0817
31.0817
31.0104
31.0104
31.0104
31.0104
31.8891
31.8891
33.9914
33.9914
14.7212
14.7212
14.7212
19.2656
14.7212
14.7212
14.7212
19.2656
19.9626
19.9626
19.9626
21.1727
19.9626
19.9626
19.9626
21.1727
23.4851
23.4851
23.4851
23.4851
23.4851
23.4851
24.1860
24.1860
27.5750
27.5750
27.5750
27.5750
27.5750
27.5750
27.5750
27.5750
22.2689
22.2689
22.2689
22.5815
22.2689
22.2689
22.2689
22.5815
26.8839
26.8839
26.8839
26.8839
26.8839
26.8839
26.8839
26.8839
30.3184
30.3184
30.3184
30.3184
31.0799
31.0799
33.7748
33.7748
36.1487
36.1487
36.1487
36.1487
36.1487
36.1487
36.1487
36.1487
14.1324
14.9331
14.1324
19.8782
14.1324
14.9331
14.4893
19.8782
16.7903
17.1805
16.7903
22.5188
16.7903
17.1805
17.0746
22.5188
22.9258
22.9258
22.9258
23.1394
22.9258
22.9258
24.4608
24.4608
25.8830
25.8830
25.8830
25.8830
25.8830
25.8830
26.5882
26.5882
19.9536
19.9536
19.9536
22.5253
19.9536
19.9536
19.9536
22.5253
22.6426
22.6426
22.6426
24.9662
22.6426
22.6426
22.6426
24.9662
27.8993
27.8993
27.9872
27.9872
28.9456
28.9456
34.1400
34.1400
31.0104
31.0104
31.0104
31.0104
32.0183
32.0183
36.3496
36.3496
18.9665
18.9665
18.9665
22.3648
18.9665
18.9665
18.9665
22.3648
21.4859
21.4859
21.4859
23.8318
21.4859
21.4859
21.4859
23.8318
26.9692
26.9692
26.9692
26.9692
26.9692
26.9692
26.9692
26.9692
29.4521
29.4521
29.4521
29.4521
29.4521
29.4521
29.4521
29.4521
24.9372
24.9372
24.9372
24.9372
24.9372
24.9372
24.9372
24.9372
26.9369
26.9369
26.9369
26.9369
26.9369
26.9369
26.9369
26.9369
33.0973
33.0973
33.0973
33.0973
33.0973
33.0973
36.1750
36.1750
36.1487
36.1487
36.1487
36.1487
36.1487
36.1487
37.4738
37.4738
8.5738
14.4476
9.6216
14.4476
11.4498
14.4476
17.5158
17.5158
16.7188
16.7188
16.7188
16.7188
17.8543
17.8543
21.3216
21.3216
16.0084
16.0084
16.5059
16.5059
16.0084
16.0084
22.0080
22.0080
21.9617
21.9617
21.9617
21.9617
21.9617
21.9617
25.6234
25.6234
17.2378
17.4439
17.2378
20.8587
17.2378
17.4439
21.3522
21.3522
23.8343
23.8343
23.8343
23.8343
23.8343
23.8343
24.9677
24.9677
23.8267
23.8267
23.8267
23.8267
23.8267
23.8267
25.6525
25.6525
28.8588
28.8588
28.8588
28.8588
28.8588
28.8588
29.0872
29.0872
14.5467
14.5467
14.5467
14.5467
16.8086
16.8086
21.0711
21.0711
21.0132
21.0132
21.0132
21.0132
22.8544
22.8544
23.1517
23.1517
20.7439
20.7439
20.7439
20.7439
20.7439
20.7439
25.3855
25.3855
24.4717
24.4717
24.4717
24.4717
24.4717
24.4717
27.3621
27.3621
23.4409
23.4409
23.4409
23.4409
23.4409
23.4409
24.7297
24.7297
28.3275
28.3275
28.3275
28.3275
28.3275
28.3275
28.3275
28.3275
29.3462
29.3462
29.3462
29.3462
29.3462
29.3462
29.3462
29.3462
33.0635
33.0635
33.0635
33.0635
33.0635
33.0635
33.0635
33.0635
12.1168
14.4476
13.8742
14.4476
14.0503
14.4476
21.7543
21.7543
16.7188
16.7188
16.9706
16.9706
18.0213
18.0213
24.6958
24.6958
20.4661
20.4661
20.4661
20.4661
20.4661
20.4661
25.2883
25.2883
23.8780
23.8780
23.8780
23.8780
23.8780
23.8780
28.0827
28.0827
21.6168
21.6168
24.9157
24.9157
21.9644
21.9644
25.5983
25.5983
24.9870
24.9870
25.0808
25.7981
25.0360
25.0360
28.2458
28.2458
29.5775
29.5775
32.6478
32.6478
29.5775
29.5775
32.6478
32.6478
32.0130
32.0130
32.8357
32.8357
32.0130
32.0130
32.8357
32.8357
16.7497
16.7497
16.7650
16.7650
17.0624
17.0624
24.5005
24.5005
23.3279
23.3279
23.3279
23.3279
23.4866
23.4866
26.1364
26.1364
25.3950
25.3950
25.3950
25.3950
25.3950
25.3950
27.8971
27.8971
28.4161
28.4161
28.4161
28.4161
28.4161
28.4161
29.4513
29.4513
26.4949
26.4949
26.4949
26.4949
26.4949
26.4949
27.9641
27.9641
28.8491
28.8491
28.8491
28.8491
28.8491
28.8491
29.5146
29.5146
34.0762
34.0762
34.0762
34.0762
34.0762
34.0762
34.0762
34.0762
37.0973
37.0973
37.0973
37.0973
37.0973
37.0973
37.0973
37.0973
9.0250
9.0250
9.0250
11.9414
15.5571
15.5571
15.5571
15.5571
17.5987
17.5987
17.5987
17.5987
17.5987
17.5987
17.5987
17.5987
14.6364
14.6364
14.6364
14.6364
15.5571
15.5571
15.5571
15.5571
20.8636
20.8636
20.8636
20.8636
20.8636
20.8636
20.8636
20.8636
16.3759
16.3759
16.3759
16.3759
16.3759
16.3759
16.3759
16.3759
19.3513
19.3513
19.3513
19.3513
19.3513
19.3513
19.3513
19.3513
20.3087
20.3087
20.3087
20.3087
20.3087
20.3087
20.3087
20.3087
24.2432
24.2432
24.2432
24.2432
24.2432
24.2432
24.2432
24.2432
15.9247
15.9247
15.9247
15.9247
15.9247
15.9247
15.9247
15.9247
23.0101
23.0101
23.0101
23.0101
24.0573
24.0573
24.0573
24.0573
16.9518
16.9518
16.9518
16.9518
16.9518
16.9518
16.9518
16.9518
23.4935
23.4935
23.4935
23.4935
24.0573
24.0573
24.0573
24.0573
19.7143
19.7143
19.7143
19.7143
19.7143
19.7143
19.7143
19.7143
24.0481
24.0481
24.0481
24.0481
24.0748
24.0748
24.0748
24.0748
24.6779
24.6779
24.6779
24.6779
24.6779
24.6779
24.6779
24.6779
28.8256
28.8256
28.8256
28.8256
28.8256
28.8256
28.8256
28.8256
9.6384
9.6384
9.6384
11.9414
15.5571
15.5571
15.5571
15.5571
17.5987
17.5987
17.5987
17.5987
17.5987
17.5987
17.5987
17.5987
17.6750
17.6750
17.6750
17.6750
17.6750
17.6750
17.6750
17.6750
20.9907
20.9907
20.9907
20.9907
20.9907
20.9907
20.9907
20.9907
17.7302
17.7302
17.7302
17.7302
17.7302
17.7302
17.7302
17.7302
22.0094
22.0094
22.0094
22.0094
22.0094
22.0094
22.0094
22.0094
24.9440
24.9440
24.9440
24.9440
24.9440
24.9440
24.9440
24.9440
27.3080
27.3080
27.3080
27.3080
27.3080
27.3080
27.3080
27.3080
17.0622
17.0622
17.0622
17.0622
17.0649
17.0649
17.0649
17.0649
24.5556
24.5556
24.5556
24.5556
24.7228
24.7228
24.7228
24.7228
21.3746
21.3746
21.3746
21.3746
21.3746
21.3746
21.3746
21.3746
28.7641
28.7641
28.7641
28.7641
28.7641
28.7641
28.7641
28.7641
22.3394
22.3394
22.3394
22.3394
22.3394
22.3394
22.3394
22.3394
29.3187
29.3187
29.3187
29.3187
29.3187
29.3187
29.3187
29.3187
28.4740
28.4740
28.4740
28.4740
28.4740
28.4740
28.4740
28.4740
33.8327
33.8327
33.8327
33.8327
33.8327
33.8327
33.8327
33.8327
9.5000
9.5000
9.5000
9.5000
9.5000
9.5000
13.5879
13.5879
18.5250
18.5250
18.5250
18.5250
18.5250
18.5250
18.5250
18.5250
13.9046
13.9046
13.9046
13.9046
13.9046
13.9046
13.9046
13.9046
21.4215
21.4215
21.4215
21.4215
21.4215
21.4215
21.4215
21.4215
15.2080
15.2080
15.2080
15.2080
15.2080
15.2080
15.2080
15.2080
20.0919
20.0919
20.0919
20.0919
20.0919
20.0919
20.0919
20.0919
18.7598
18.7598
18.7598
18.7598
18.7598
18.7598
18.7598
18.7598
24.6066
24.6066
24.6066
24.6066
24.6066
24.6066
24.6066
24.6066
17.1701
17.1701
17.1701
17.1701
18.4557
18.4557
18.4557
18.4557
24.2212
24.2212
24.2212
24.2212
25.3234
25.3234
25.3234
25.3234
17.1701
17.1701
17.1701
17.1701
18.4557
18.4557
18.4557
18.4557
24.7300
24.7300
24.7300
24.7300
25.3234
25.3234
25.3234
25.3234
19.1588
19.1588
19.1588
19.1588
19.1588
19.1588
19.1588
19.1588
25.3138
25.3138
25.3138
25.3138
25.3419
25.3419
25.3419
25.3419
23.5373
23.5373
23.5373
23.5373
23.5373
23.5373
23.5373
23.5373
30.3428
30.3428
30.3428
30.3428
30.3428
30.3428
30.3428
30.3428
9.5000
9.5000
9.5000
9.5000
9.5000
9.5000
13.5879
13.5879
18.5250
18.5250
18.5250
18.5250
18.5250
18.5250
18.5250
18.5250
15.6498
15.6498
15.6498
15.6498
15.6498
15.6498
15.6498
15.6498
22.0954
22.0954
22.0954
22.0954
22.0954
22.0954
22.0954
22.0954
16.9773
16.9773
16.9773
16.9773
16.9773
16.9773
16.9773
16.9773
23.1678
23.1678
23.1678
23.1678
23.1678
23.1678
23.1678
23.1678
23.0123
23.0123
23.0123
23.0123
23.0123
23.0123
23.0123
23.0123
28.0775
28.0775
28.0775
28.0775
28.0775
28.0775
28.0775
28.0775
19.1144
19.1144
19.1144
19.1144
19.2727
19.2727
19.2727
19.2727
25.8480
25.8480
25.8480
25.8480
26.0240
26.0240
26.0240
26.0240
19.5466
19.5466
19.5466
19.5466
19.5466
19.5466
19.5466
19.5466
30.2780
30.2780
30.2780
30.2780
30.2780
30.2780
30.2780
30.2780
19.5014
19.5014
19.5014
19.5014
19.6658
19.6658
19.6658
19.6658
30.8618
30.8618
30.8618
30.8618
30.8618
30.8618
30.8618
30.8618
26.7143
26.7143
26.7143
26.7143
26.7143
26.7143
26.7143
26.7143
35.6134
35.6134
35.6134
35.6134
35.6134
35.6134
35.6134
35.6134
10.0000
10.0000
10.0000
10.0000
10.0000
10.0000
10.0000
10.0000
19.5000
19.5000
19.5000
19.5000
19.5000
19.5000
19.5000
19.5000
13.2094
13.2094
13.2094
13.2094
13.2094
13.2094
13.2094
13.2094
22.5489
22.5489
22.5489
22.5489
22.5489
22.5489
22.5489
22.5489
14.4476
14.4476
14.4476
14.4476
14.4476
14.4476
14.4476
14.4476
21.1494
21.1494
21.1494
21.1494
21.1494
21.1494
21.1494
21.1494
16.7386
16.7386
16.7386
16.7386
16.7386
16.7386
16.7386
16.7386
25.9017
25.9017
25.9017
25.9017
25.9017
25.9017
25.9017
25.9017
16.3116
16.3116
16.3116
16.3116
17.5329
17.5329
17.5329
17.5329
25.4960
25.4960
25.4960
25.4960
26.6562
26.6562
26.6562
26.6562
16.8754
16.8754
16.8754
16.8754
17.5329
17.5329
17.5329
17.5329
26.0316
26.0316
26.0316
26.0316
26.6562
26.6562
26.6562
26.6562
17.5222
17.5222
17.5222
17.5222
17.5533
17.5533
17.5533
17.5533
26.6461
26.6461
26.6461
26.6461
26.6757
26.6757
26.6757
26.6757
23.0945
23.0945
23.0945
23.0945
23.0945
23.0945
23.0945
23.0945
31.9398
31.9398
31.9398
31.9398
31.9398
31.9398
31.9398
31.9398
10.0000
10.0000
10.0000
10.0000
10.0000
10.0000
10.0000
10.0000
19.5000
19.5000
19.5000
19.5000
19.5000
19.5000
19.5000
19.5000
13.9562
13.9562
13.9562
13.9562
13.9562
13.9562
13.9562
13.9562
23.2583
23.2583
23.2583
23.2583
23.2583
23.2583
23.2583
23.2583
15.1443
15.1443
15.1443
15.1443
15.1443
15.1443
15.1443
15.1443
24.3871
24.3871
24.3871
24.3871
24.3871
24.3871
24.3871
24.3871
20.5845
20.5845
20.5845
20.5845
20.5845
20.5845
20.5845
20.5845
29.5552
29.5552
29.5552
29.5552
29.5552
29.5552
29.5552
29.5552
18.1587
18.1587
18.1587
18.1587
18.3091
18.3091
18.3091
18.3091
27.2085
27.2085
27.2085
27.2085
27.3936
27.3936
27.3936
27.3936
23.0227
23.0227
23.0227
23.0227
23.0227
23.0227
23.0227
23.0227
31.8716
31.8716
31.8716
31.8716
31.8716
31.8716
31.8716
31.8716
23.6696
23.6696
23.6696
23.6696
23.6696
23.6696
23.6696
23.6696
32.4861
32.4861
32.4861
32.4861
32.4861
32.4861
32.4861
32.4861
28.9345
28.9345
28.9345
28.9345
28.9345
28.9345
28.9345
28.9345
37.4878
37.4878
37.4878
37.4878
37.4878
37.4878
37.4878
37.4878
7.3509
7.3509
7.3509
7.3509
7.3509
7.3509
7.3509
7.3509
10.7975
10.7975
10.7975
10.7975
10.7975
10.7975
10.7975
10.7975
14.8762
14.8762
14.8762
14.8762
14.8762
14.8762
14.8762
14.8762
19.5904
19.5904
19.5904
19.5904
19.5904
19.5904
19.5904
19.5904
14.0403
14.0403
14.0403
14.0403
14.0403
14.0403
14.0403
14.0403
17.8415
17.8415
17.8415
17.8415
17.8415
17.8415
17.8415
17.8415
21.9224
21.9224
21.9224
21.9224
21.9224
21.9224
21.9224
21.9224
27.2040
27.2040
27.2040
27.2040
27.2040
27.2040
27.2040
27.2040
12.4715
12.4715
12.4715
12.4715
12.4715
12.4715
12.4715
12.4715
14.3984
14.3984
14.3984
14.3984
14.3984
14.3984
14.3984
14.3984
19.3344
19.3344
19.3344
19.3344
19.3344
19.3344
19.3344
19.3344
23.0486
23.0486
23.0486
23.0486
23.0486
23.0486
23.0486
23.0486
19.9703
19.9703
19.9703
19.9703
19.9703
19.9703
19.9703
19.9703
21.3813
21.3813
21.3813
21.3813
21.3813
21.3813
21.3813
21.3813
26.2835
26.2835
26.2835
26.2835
26.2835
26.2835
26.2835
26.2835
30.4912
30.4912
30.4912
30.4912
30.4912
30.4912
30.4912
30.4912
13.3443
13.3443
13.3443
13.3443
13.3443
13.3443
13.3443
13.3443
17.6739
17.6739
17.6739
17.6739
17.6739
17.6739
17.6739
17.6739
21.7795
21.7795
21.7795
21.7795
21.7795
21.7795
21.7795
21.7795
23.8531
23.8531
23.8531
23.8531
23.8531
23.8531
23.8531
23.8531
18.6084
18.6084
18.6084
18.6084
18.6084
18.6084
18.6084
18.6084
23.2788
23.2788
23.2788
23.2788
23.2788
23.2788
23.2788
23.2788
26.5043
26.5043
26.5043
26.5043
26.5043
26.5043
26.5043
26.5043
29.1428
29.1428
29.1428
29.1428
29.1428
29.1428
29.1428
29.1428
19.0932
19.0932
19.0932
19.0932
19.0932
19.0932
19.0932
19.0932
22.6168
22.6168
22.6168
22.6168
22.6168
22.6168
22.6168
22.6168
25.3950
25.3950
25.3950
25.3950
25.3950
25.3950
25.3950
25.3950
28.4161
28.4161
28.4161
28.4161
28.4161
28.4161
28.4161
28.4161
22.5458
22.5458
22.5458
22.5458
22.5458
22.5458
22.5458
22.5458
26.0555
26.0555
26.0555
26.0555
26.0555
26.0555
26.0555
26.0555
30.1904
30.1904
30.1904
30.1904
30.1904
30.1904
30.1904
30.1904
31.6829
31.6829
31.6829
31.6829
31.6829
31.6829
31.6829
31.6829
7.7378
10.2242
13.8331
16.5318
9.1542
10.2242
15.2237
16.5318
12.3797
12.9518
14.2947
18.8827
14.2845
14.2845
19.6454
19.6454
15.6592
15.6592
15.9720
20.8068
15.6592
15.6592
18.3768
20.8068
21.8797
21.8797
21.8797
23.0402
21.8797
21.8797
22.1749
23.0402
14.7793
14.7793
14.8831
19.8683
14.7793
14.7793
19.5026
19.8683
21.4303
21.4303
21.4303
22.8285
21.4303
21.4303
22.5423
22.8285
23.0762
23.0762
23.0762
23.9765
23.0762
23.0762
23.0762
23.9765
29.4058
29.4058
29.4058
29.4058
29.4058
29.4058
29.4058
29.4058
13.1283
13.4580
14.2458
19.3190
13.7387
13.7387
19.1749
19.3190
17.0533
17.0533
17.0533
20.6353
17.0533
17.0533
21.7646
21.7646
22.3997
22.3997
22.3997
23.4547
22.3997
22.3997
22.3997
23.4547
25.7596
25.7596
25.7596
25.7596
25.7596
25.7596
25.7596
25.7596
21.0214
21.0214
21.0214
22.3639
21.0214
21.0214
23.2372
23.2372
25.0335
25.0335
25.0335
25.0335
25.0335
25.0335
25.0335
25.0335
29.1516
29.1516
29.1516
29.1516
29.1516
29.1516
29.1516
29.1516
33.0917
33.0917
33.0917
33.0917
33.0917
33.0917
33.0917
33.0917
15.6592
15.6592
19.7288
19.7288
15.6592
15.6592
19.7288
19.7288
19.1083
19.1083
19.7288
19.7288
19.1083
19.1083
19.7288
19.7288
22.9258
22.9258
22.9258
22.9258
22.9258
22.9258
22.9258
22.9258
25.1086
25.1086
25.1086
25.1086
25.1086
25.1086
25.1086
25.1086
19.3289
19.3289
19.7288
21.4856
19.3289
19.3289
21.2093
21.4856
24.6742
24.6742
24.6742
24.6742
24.6742
24.6742
24.6742
24.6742
27.8993
27.8993
27.8993
27.8993
27.8993
27.8993
27.8993
27.8993
30.6766
30.6766
30.6766
30.6766
30.6766
30.6766
30.6766
30.6766
21.6466
21.6466
21.6466
21.6466
21.6466
21.6466
21.6466
21.6466
24.5851
24.5851
24.5851
24.5851
24.5851
24.5851
24.5851
24.5851
26.9692
26.9692
26.9692
26.9692
26.9692
26.9692
26.9692
26.9692
29.9116
29.9116
29.9116
29.9116
29.9116
29.9116
29.9116
29.9116
25.9396
25.9396
25.9396
25.9396
25.9396
25.9396
25.9396
25.9396
28.7974
28.7974
28.7974
28.7974
28.7974
28.7974
28.7974
28.7974
31.8192
31.8192
31.8192
31.8192
31.8192
31.8192
31.8192
31.8192
33.8529
33.8529
33.8529
33.8529
33.8529
33.8529
33.8529
33.8529
8.1451
10.5311
10.8051
15.2496
9.1489
10.5311
13.2999
15.2496
15.0887
15.0887
15.0887
18.5226
15.0887
15.0887
16.5594
18.5226
17.7378
17.7378
20.2649
20.2649
18.6914
18.6914
22.6349
22.6349
24.3343
24.3343
24.3343
24.3343
24.3343
24.3343
25.6216
25.6216
16.3759
16.3759
17.7493
18.5515
19.3167
19.3167
23.9133
23.9133
23.8343
23.8343
23.8343
23.8343
24.8078
24.8078
27.1373
27.1373
25.5571
25.5571
26.8618
26.8618
28.3509
28.3509
32.7176
32.7176
32.6426
32.6426
32.6426
32.6426
33.5675
33.5675
35.7804
35.7804
15.4960
15.4960
15.4960
18.3023
15.4960
15.4960
16.2726
18.3023
21.0818
21.0818
21.0818
21.0818
21.0818
21.0818
21.0818
21.0818
24.7212
24.7212
24.7212
24.7212
24.7212
24.7212
25.4589
25.4589
29.0263
29.0263
29.0263
29.0263
29.0263
29.0263
29.0263
29.0263
23.4409
23.4409
23.4409
23.4409
23.9113
23.9113
26.8973
26.8973
29.5277
29.5277
29.5277
29.5277
29.5277
29.5277
29.5277
29.5277
31.9141
31.9141
31.9141
31.9141
32.7157
32.7157
35.5524
35.5524
38.0513
38.0513
38.0513
38.0513
38.0513
38.0513
38.0513
38.0513
14.8762
14.8762
18.7423
18.8843
15.3030
15.3030
19.7645
19.7645
18.1529
18.1529
19.0817
21.3928
19.0742
19.0742
23.0149
23.0149
24.1324
24.1324
26.9984
26.9984
24.1324
24.1324
26.9984
26.9984
27.2453
27.2453
27.2453
27.2453
27.2453
27.2453
27.9875
27.9875
21.0038
21.0038
21.0038
21.3990
21.5464
21.5464
27.3020
27.3020
24.2857
24.2857
24.2857
24.2857
24.9510
24.9510
29.7503
29.7503
29.9536
29.9536
29.9536
29.9536
30.4690
30.4690
35.9369
35.9369
32.6426
32.6426
32.6426
32.6426
33.7034
33.7034
38.2628
38.2628
20.5642
20.5642
20.5642
21.2465
20.5642
20.5642
22.6691
22.6691
23.3559
23.3559
23.3559
23.3559
23.3559
23.3559
24.5727
24.5727
28.6645
28.6645
28.6645
28.6645
28.6645
28.6645
28.6645
28.6645
32.1881
32.1881
32.1881
32.1881
32.1881
32.1881
32.1881
32.1881
26.1466
26.1466
26.1466
26.1466
26.1466
26.1466
29.5567
29.5567
29.5277
29.5277
29.5277
29.5277
29.5277
29.5277
30.9959
30.9959
34.8393
34.8393
34.8393
34.8393
34.8393
34.8393
38.0789
38.0789
38.0513
38.0513
38.0513
38.0513
38.0513
38.0513
39.4461
39.4461
8.5738
13.7252
9.7516
13.7252
10.8773
13.7252
16.6400
16.6400
15.8829
15.8829
15.8829
15.8829
16.9616
16.9616
20.2555
20.2555
16.8509
16.8509
18.2890
18.2890
16.8509
16.8509
20.9076
20.9076
23.1176
23.1176
23.1176
23.1176
23.1176
23.1176
24.3423
24.3423
18.1451
18.3620
19.2640
21.9565
20.3334
20.3334
25.1718
25.1718
25.0887
25.0887
25.0887
25.0887
26.1135
26.1135
28.5655
28.5655
25.0807
25.0807
27.3746
27.3746
25.0807
25.0807
29.0080
29.0080
30.5226
30.5226
30.5226
30.5226
30.5226
30.5226
32.0695
32.0695
16.3116
16.3116
16.3116
16.3116
16.3116
16.3116
20.0176
20.0176
22.1913
22.1913
22.1913
22.1913
22.1913
22.1913
22.1913
22.1913
23.4851
23.4851
23.4851
23.4851
23.4851
23.4851
24.1162
24.1162
27.5750
27.5750
27.5750
27.5750
27.5750
27.5750
27.5750
27.5750
25.4960
25.4960
25.4960
25.4960
25.4960
25.4960
28.3130
28.3130
31.0818
31.0818
31.0818
31.0818
31.0818
31.0818
31.0818
31.0818
30.8908
30.8908
30.8908
30.8908
30.8908
30.8908
31.8367
31.8367
35.1681
35.1681
35.1681
35.1681
35.1681
35.1681
35.1681
35.1681
13.4258
13.7252
17.0811
17.0811
13.8109
13.8109
20.6666
20.6666
17.2453
17.2453
17.2640
18.0589
17.2453
17.2453
23.4610
23.4610
22.2466
22.2466
25.6485
25.6485
22.2466
22.2466
25.6485
25.6485
25.1347
25.1347
25.8568
25.8568
25.1347
25.1347
26.6786
26.6786
22.7545
22.7545
26.2271
26.2271
23.1204
23.1204
28.7389
28.7389
26.3021
26.3021
26.4008
27.1559
26.3537
26.3537
31.3161
31.3161
31.1342
31.1342
34.3661
34.3661
31.1342
31.1342
34.3661
34.3661
33.8780
33.8780
34.5639
34.5639
33.8780
33.8780
34.5639
34.5639
19.5360
19.5360
19.5360
19.5360
19.5360
19.5360
23.2754
23.2754
22.1913
22.1913
22.1913
22.1913
22.1913
22.1913
24.8296
24.8296
27.2312
27.2312
27.2312
27.2312
27.2312
27.2312
27.2312
27.2312
30.5787
30.5787
30.5787
30.5787
30.5787
30.5787
30.5787
30.5787
27.8894
27.8894
27.8894
27.8894
27.8894
27.8894
31.1124
31.1124
31.0818
31.0818
31.0818
31.0818
31.0818
31.0818
32.6272
32.6272
35.8697
35.8697
35.8697
35.8697
35.8697
35.8697
35.8697
35.8697
39.0498
39.0498
39.0498
39.0498
39.0498
39.0498
39.0498
39.0498
9.0250
9.0250
9.0250
9.0250
14.7793
14.7793
14.7793
14.7793
15.6983
15.6983
15.6983
15.6983
15.6983
15.6983
15.6983
15.6983
16.0084
16.0084
16.0084
16.0084
16.0084
16.0084
16.0084
16.0084
20.7596
20.7596
20.7596
20.7596
20.7596
20.7596
20.7596
20.7596
17.2378
17.2378
17.2378
17.2378
17.2378
17.2378
17.2378
17.2378
20.7565
20.7565
20.7565
20.7565
20.7565
20.7565
20.7565
20.7565
21.3776
21.3776
21.3776
21.3776
21.3776
21.3776
21.3776
21.3776
26.4436
26.4436
26.4436
26.4436
26.4436
26.4436
26.4436
26.4436
17.1701
17.1701
17.1701
17.1701
17.1701
17.1701
17.1701
17.1701
23.3593
23.3593
23.3593
23.3593
23.3593
23.3593
23.3593
23.3593
19.3104
19.3104
19.3104
19.3104
19.3104
19.3104
19.3104
19.3104
23.3593
23.3593
23.3593
23.3593
23.3593
23.3593
23.3593
23.3593
21.2286
21.2286
21.2286
21.2286
21.2286
21.2286
21.2286
21.2286
24.6270
24.6270
24.6270
24.6270
24.6270
24.6270
24.6270
24.6270
26.0801
26.0801
26.0801
26.0801
26.0801
26.0801
26.0801
26.0801
29.7796
29.7796
29.7796
29.7796
29.7796
29.7796
29.7796
29.7796
10.3015
10.3015
10.3015
10.3015
14.7793
14.7793
14.7793
14.7793
15.6983
15.6983
15.6983
15.6983
15.6983
15.6983
15.6983
15.6983
17.7835
17.7835
17.7835
17.7835
17.7835
17.7835
17.7835
17.7835
20.7596
20.7596
20.7596
20.7596
20.7596
20.7596
20.7596
20.7596
18.8114
18.8114
18.8114
18.8114
18.8114
18.8114
18.8114
18.8114
21.6381
21.6381
21.6381
21.6381
21.6381
21.6381
21.6381
21.6381
25.9193
25.9193
25.9193
25.9193
25.9193
25.9193
25.9193
25.9193
28.7452
28.7452
28.7452
28.7452
28.7452
28.7452
28.7452
28.7452
19.8220
19.8220
19.8220
19.8220
19.8220
19.8220
19.8220
19.8220
23.3593
23.3593
23.3593
23.3593
23.3593
23.3593
23.3593
23.3593
24.1245
24.1245
24.1245
24.1245
24.1245
24.1245
24.1245
24.1245
26.4378
26.4378
26.4378
26.4378
26.4378
26.4378
26.4378
26.4378
22.7775
22.7775
22.7775
22.7775
22.7775
22.7775
22.7775
22.7775
25.3471
25.3471
25.3471
25.3471
25.3471
25.3471
25.3471
25.3471
29.6004
29.6004
29.6004
29.6004
29.6004
29.6004
29.6004
29.6004
30.9108
30.9108
30.9108
30.9108
30.9108
30.9108
30.9108
30.9108
9.5000
9.5000
9.5000
9.5000
9.5000
9.5000
12.2002
12.2002
17.5987
17.5987
17.5987
17.5987
17.5987
17.5987
17.5987
17.5987
11.7615
11.7615
11.7615
11.7615
11.7615
11.7615
12.2002
12.2002
17.5987
17.5987
17.5987
17.5987
17.5987
17.5987
17.5987
17.5987
16.3759
16.3759
16.3759
16.3759
16.3759
16.3759
16.3759
16.3759
17.5987
17.5987
17.5987
17.5987
17.5987
17.5987
17.5987
17.5987
19.7472
19.7472
19.7472
19.7472
19.7472
19.7472
19.7472
19.7472
19.7472
19.7472
19.7472
19.7472
19.7472
19.7472
19.7472
19.7472
18.0737
18.0737
18.0737
18.0737
19.4270
19.4270
19.4270
19.4270
24.5887
24.5887
24.5887
24.5887
24.5887
24.5887
24.5887
24.5887
18.6985
18.6985
18.6985
18.6985
19.4270
19.4270
19.4270
19.4270
24.5887
24.5887
24.5887
24.5887
24.5887
24.5887
24.5887
24.5887
20.1672
20.1672
20.1672
20.1672
20.1672
20.1672
20.1672
20.1672
24.5887
24.5887
24.5887
24.5887
24.5887
24.5887
24.5887
24.5887
25.5895
25.5895
25.5895
25.5895
25.5895
25.5895
25.5895
25.5895
30.2073
30.2073
30.2073
30.2073
30.2073
30.2073
30.2073
30.2073
9.7865
9.7865
9.7865
9.7865
9.7865
9.7865
12.2002
12.2002
17.5987
17.5987
17.5987
17.5987
17.5987
17.5987
17.5987
17.5987
16.4734
16.4734
16.4734
16.4734
16.4734
16.4734
16.4734
16.4734
17.5987
17.5987
17.5987
17.5987
17.5987
17.5987
17.5987
17.5987
17.8709
17.8709
17.8709
17.8709
17.8709
17.8709
17.8709
17.8709
17.8709
17.8709
17.8709
17.8709
17.8709
17.8709
17.8709
17.8709
24.2235
24.2235
24.2235
24.2235
24.2235
24.2235
24.2235
24.2235
24.2235
24.2235
24.2235
24.2235
24.2235
24.2235
24.2235
24.2235
20.8653
20.8653
20.8653
20.8653
20.8653
20.8653
20.8653
20.8653
24.5887
24.5887
24.5887
24.5887
24.5887
24.5887
24.5887
24.5887
23.9847
23.9847
23.9847
23.9847
23.9847
23.9847
23.9847
23.9847
26.4076
26.4076
26.4076
26.4076
26.4076
26.4076
26.4076
26.4076
24.7015
24.7015
24.7015
24.7015
24.7015
24.7015
24.7015
24.7015
27.1244
27.1244
27.1244
27.1244
27.1244
27.1244
27.1244
27.1244
30.6114
30.6114
30.6114
30.6114
30.6114
30.6114
30.6114
30.6114
32.9132
32.9132
32.9132
32.9132
32.9132
32.9132
32.9132
32.9132
10.0000
10.0000
10.0000
10.0000
10.0000
10.0000
10.0000
10.0000
18.0737
18.0737
18.0737
18.0737
18.0737
18.0737
18.0737
18.0737
10.4845
10.4845
10.4845
10.4845
10.4845
10.4845
10.4845
10.4845
18.0737
18.0737
18.0737
18.0737
18.0737
18.0737
18.0737
18.0737
12.3539
12.3539
12.3539
12.3539
12.3539
12.3539
12.3539
12.3539
18.0737
18.0737
18.0737
18.0737
18.0737
18.0737
18.0737
18.0737
17.6196
17.6196
17.6196
17.6196
17.6196
17.6196
17.6196
17.6196
18.0737
18.0737
18.0737
18.0737
18.0737
18.0737
18.0737
18.0737
17.1701
17.1701
17.1701
17.1701
17.1701
17.1701
17.1701
17.1701
18.0737
18.0737
18.0737
18.0737
18.0737
18.0737
18.0737
18.0737
17.7635
17.7635
17.7635
17.7635
17.7635
17.7635
17.7635
17.7635
22.3814
22.3814
22.3814
22.3814
22.3814
22.3814
22.3814
22.3814
18.4444
18.4444
18.4444
18.4444
18.4444
18.4444
18.4444
18.4444
23.0622
23.0622
23.0622
23.0622
23.0622
23.0622
23.0622
23.0622
24.3100
24.3100
24.3100
24.3100
24.3100
24.3100
24.3100
24.3100
28.6969
28.6969
28.6969
28.6969
28.6969
28.6969
28.6969
28.6969
10.0000
10.0000
10.0000
10.0000
10.0000
10.0000
10.0000
10.0000
18.0737
18.0737
18.0737
18.0737
18.0737
18.0737
18.0737
18.0737
14.6907
14.6907
14.6907
14.6907
14.6907
14.6907
14.6907
14.6907
18.0737
18.0737
18.0737
18.0737
18.0737
18.0737
18.0737
18.0737
15.9414
15.9414
15.9414
15.9414
15.9414
15.9414
15.9414
15.9414
18.0737
18.0737
18.0737
18.0737
18.0737
18.0737
18.0737
18.0737
21.6679
21.6679
21.6679
21.6679
21.6679
21.6679
21.6679
21.6679
21.7032
21.7032
21.7032
21.7032
21.7032
21.7032
21.7032
21.7032
19.1144
19.1144
19.1144
19.1144
19.1144
19.1144
19.1144
19.1144
21.4718
21.4718
21.4718
21.4718
21.4718
21.4718
21.4718
21.4718
24.2345
24.2345
24.2345
24.2345
24.2345
24.2345
24.2345
24.2345
25.0873
25.0873
25.0873
25.0873
25.0873
25.0873
25.0873
25.0873
24.9153
24.9153
24.9153
24.9153
24.9153
24.9153
24.9153
24.9153
25.7681
25.7681
25.7681
25.7681
25.7681
25.7681
25.7681
25.7681
30.4574
30.4574
30.4574
30.4574
30.4574
30.4574
30.4574
30.4574
31.2675
31.2675
31.2675
31.2675
31.2675
31.2675
31.2675
31.2675
7.3509
7.3509
7.3509
7.3509
7.3509
7.3509
7.3509
7.3509
9.7920
9.7920
9.7920
9.7920
9.7920
9.7920
9.7920
9.7920
10.9444
10.9444
10.9444
10.9444
10.9444
10.9444
10.9444
10.9444
17.0141
17.0141
17.0141
17.0141
17.0141
17.0141
17.0141
17.0141
9.8434
9.8434
9.8434
9.8434
9.8434
9.8434
9.8434
9.8434
15.9132
15.9132
15.9132
15.9132
15.9132
15.9132
15.9132
15.9132
17.0630
17.0630
17.0630
17.0630
17.0630
17.0630
17.0630
17.0630
22.8293
22.8293
22.8293
22.8293
22.8293
22.8293
22.8293
22.8293
9.3716
9.3716
9.3716
9.3716
9.3716
9.3716
9.3716
9.3716
12.8646
12.8646
12.8646
12.8646
12.8646
12.8646
12.8646
12.8646
16.6147
16.6147
16.6147
16.6147
16.6147
16.6147
16.6147
16.6147
19.9330
19.9330
19.9330
19.9330
19.9330
19.9330
19.9330
19.9330
15.5138
15.5138
15.5138
15.5138
15.5138
15.5138
15.5138
15.5138
18.8321
18.8321
18.8321
18.8321
18.8321
18.8321
18.8321
18.8321
22.4498
22.4498
22.4498
22.4498
22.4498
22.4498
22.4498
22.4498
25.6022
25.6022
25.6022
25.6022
25.6022
25.6022
25.6022
25.6022
15.3275
15.3275
15.3275
15.3275
15.3275
15.3275
15.3275
15.3275
18.6042
18.6042
18.6042
18.6042
18.6042
18.6042
18.6042
18.6042
19.1162
19.1162
19.1162
19.1162
19.1162
19.1162
19.1162
19.1162
25.1086
25.1086
25.1086
25.1086
25.1086
25.1086
25.1086
25.1086
19.5878
19.5878
19.5878
19.5878
19.5878
19.5878
19.5878
19.5878
24.5040
24.5040
24.5040
24.5040
24.5040
24.5040
24.5040
24.5040
24.9481
24.9481
24.9481
24.9481
24.9481
24.9481
24.9481
24.9481
30.6409
30.6409
30.6409
30.6409
30.6409
30.6409
30.6409
30.6409
17.6356
17.6356
17.6356
17.6356
17.6356
17.6356
17.6356
17.6356
21.6064
21.6064
21.6064
21.6064
21.6064
21.6064
21.6064
21.6064
24.2842
24.2842
24.2842
24.2842
24.2842
24.2842
24.2842
24.2842
27.9607
27.9607
27.9607
27.9607
27.9607
27.9607
27.9607
27.9607
23.7324
23.7324
23.7324
23.7324
23.7324
23.7324
23.7324
23.7324
27.4269
27.4269
27.4269
27.4269
27.4269
27.4269
27.4269
27.4269
29.8578
29.8578
29.8578
29.8578
29.8578
29.8578
29.8578
29.8578
33.3505
33.3505
33.3505
33.3505
33.3505
33.3505
33.3505
33.3505
7.7378
9.7130
13.1414
15.7052
8.6965
9.7130
14.4625
15.7052
12.3797
12.3797
13.5800
17.9386
13.5703
13.5703
18.6631
18.6631
12.3893
14.4250
15.1734
19.7665
12.3893
14.4250
17.4580
19.7665
19.7464
19.7464
19.7464
21.8882
19.7464
19.7464
21.0661
21.8882
12.9683
13.3905
14.1389
18.8749
13.4128
13.4128
18.5274
18.8749
19.0042
19.0042
19.0042
21.6871
19.0042
19.0042
21.4152
21.6871
19.5494
19.5494
19.5494
22.7777
19.5494
19.5494
21.3506
22.7777
26.5387
26.5387
26.5387
26.5387
26.5387
26.5387
26.5387
26.5387
14.6722
14.6722
14.6722
18.3531
14.6722
14.6722
18.2162
18.3531
19.1038
19.1038
19.1038
19.6035
19.1038
19.1038
20.6764
20.6764
19.6716
19.6716
19.6716
22.2820
19.6716
19.6716
19.6716
22.2820
24.8864
24.8864
24.8864
24.8864
24.8864
24.8864
24.8864
24.8864
20.7666
20.7666
20.7666
21.2457
20.7666
20.7666
22.0754
22.0754
24.2753
24.2753
24.2753
24.2753
24.2753
24.2753
24.2753
24.2753
26.0695
26.0695
26.0695
26.0695
26.0695
26.0695
26.0695
26.0695
30.4822
30.4822
30.4822
30.4822
30.4822
30.4822
30.4822
30.4822
16.4834
16.4834
20.7671
20.7671
16.9562
16.9562
21.8998
21.8998
20.1140
20.1140
21.1432
21.1432
21.1348
21.1348
25.5013
25.5013
21.7795
21.7795
21.7795
21.7795
21.7795
21.7795
24.4680
24.4680
26.4301
26.4301
26.4301
26.4301
26.4301
26.4301
27.5616
27.5616
20.3462
20.3462
21.0207
21.0207
20.9998
20.9998
25.3850
25.3850
25.9729
25.9729
25.9729
25.9729
25.9729
25.9729
27.8609
27.8609
26.8933
26.8933
26.8933
26.8933
26.8933
26.8933
27.8055
27.8055
32.2536
32.2536
32.2536
32.2536
32.2536
32.2536
32.2536
32.2536
22.7859
22.7859
22.7859
22.7859
22.7859
22.7859
25.1181
25.1181
25.8791
25.8791
25.8791
25.8791
25.8791
25.8791
27.2274
27.2274
26.3659
26.3659
26.3659
26.3659
26.3659
26.3659
26.3659
26.3659
30.8370
30.8370
30.8370
30.8370
30.8370
30.8370
30.8370
30.8370
27.3048
27.3048
27.3048
27.3048
27.3048
27.3048
28.4269
28.4269
30.3130
30.3130
30.3130
30.3130
30.3130
30.3130
30.3130
30.3130
31.8513
31.8513
31.8513
31.8513
31.8513
31.8513
31.8513
31.8513
35.6347
35.6347
35.6347
35.6347
35.6347
35.6347
35.6347
35.6347
8.1451
8.1451
10.6633
10.6633
8.1451
8.1451
10.6633
10.6633
13.0312
13.0312
13.0312
13.0312
13.0312
13.0312
13.0312
13.0312
14.3986
14.3986
14.3986
14.3986
14.3986
14.3986
14.3986
14.3986
20.7857
20.7857
20.7857
20.7857
20.7857
20.7857
20.7857
20.7857
13.6508
13.6508
13.6508
13.6508
13.6508
13.6508
13.6508
13.6508
20.2244
20.2244
20.2244
20.2244
20.2244
20.2244
20.2244
20.2244
21.5579
21.5579
21.5579
21.5579
21.5579
21.5579
21.5579
21.5579
27.9355
27.9355
27.9355
27.9355
27.9355
27.9355
27.9355
27.9355
16.3116
16.3116
16.3116
16.3116
16.3116
16.3116
16.3116
16.3116
20.1092
20.1092
20.1092
20.1092
20.1092
20.1092
20.1092
20.1092
20.7070
20.7070
20.7070
20.7070
20.7070
20.7070
20.7070
20.7070
26.1962
26.1962
26.1962
26.1962
26.1962
26.1962
26.1962
26.1962
21.8596
21.8596
21.8596
21.8596
21.8596
21.8596
21.8596
21.8596
25.5529
25.5529
25.5529
25.5529
25.5529
25.5529
25.5529
25.5529
27.6957
27.6957
27.6957
27.6957
27.6957
27.6957
27.6957
27.6957
32.0865
32.0865
32.0865
32.0865
32.0865
32.0865
32.0865
32.0865
15.6592
15.6592
18.8348
18.8348
16.1084
16.1084
20.8048
20.8048
19.1083
19.1083
20.0860
20.0860
20.0781
20.0781
24.2262
24.2262
19.0996
19.0996
19.0996
19.0996
19.0996
19.0996
23.2446
23.2446
25.1086
25.1086
25.1086
25.1086
25.1086
25.1086
26.1835
26.1835
19.3289
19.3289
19.9697
19.9697
19.9498
19.9498
24.1157
24.1157
24.6742
24.6742
24.6742
24.6742
24.6742
24.6742
26.4678
26.4678
25.3423
25.3423
25.3423
25.3423
25.3423
25.3423
26.4152
26.4152
30.6409
30.6409
30.6409
30.6409
30.6409
30.6409
30.6409
30.6409
21.6466
21.6466
21.6466
21.6466
21.6466
21.6466
23.8622
23.8622
24.5851
24.5851
24.5851
24.5851
24.5851
24.5851
25.8660
25.8660
24.1884
24.1884
24.1884
24.1884
24.1884
24.1884
24.2055
24.2055
27.9607
27.9607
27.9607
27.9607
27.9607
27.9607
27.9607
27.9607
25.9396
25.9396
25.9396
25.9396
25.9396
25.9396
27.0055
27.0055
27.4699
27.4699
27.4699
27.4699
27.4699
27.4699
27.8669
27.8669
29.4674
29.4674
29.4674
29.4674
29.4674
29.4674
29.4674
29.4674
33.3505
33.3505
33.3505
33.3505
33.3505
33.3505
33.3505
33.3505
8.5738
13.0389
10.1301
13.0389
8.5738
13.0389
10.1301
13.0389
14.4390
14.4390
14.4390
14.4390
14.4390
14.4390
14.4390
14.4390
16.0084
16.0084
16.0084
16.0084
16.0084
16.0084
16.0084
16.0084
16.0084
16.0084
16.0084
16.0084
16.0084
16.0084
16.0084
16.0084
8.5738
14.7586
10.1301
14.7586
8.5738
14.7586
10.1301
14.7586
14.4390
14.7586
14.4390
14.7586
14.4390
14.7586
14.4390
14.7586
16.0084
16.0084
16.0084
16.0084
16.0084
16.0084
16.0084
16.0084
18.2614
18.2614
18.2614
18.2614
18.2614
18.2614
18.2614
18.2614
17.1701
17.1701
17.1701
17.1701
17.1701
17.1701
17.1701
17.1701
21.1676
21.1676
21.1676
21.1676
21.1676
21.1676
21.1676
21.1676
19.5686
19.5686
19.5686
19.5686
19.5686
19.5686
19.5686
19.5686
23.7709
23.7709
23.7709
23.7709
23.7709
23.7709
23.7709
23.7709
21.4802
21.4802
21.4802
21.4802
21.4802
21.4802
21.4802
21.4802
26.8978
26.8978
26.8978
26.8978
26.8978
26.8978
26.8978
26.8978
25.8575
25.8575
25.8575
25.8575
25.8575
25.8575
25.8575
25.8575
30.2826
30.2826
30.2826
30.2826
30.2826
30.2826
30.2826
30.2826
14.0107
14.0107
17.9801
17.9801
14.0107
14.0107
17.9801
17.9801
18.1529
18.1529
18.1726
18.1726
18.1529
18.1529
18.1726
18.1726
19.6560
19.6560
19.6560
19.6560
19.6560
19.6560
19.6560
19.6560
19.6560
19.6560
19.6560
19.6560
19.6560
19.6560
19.6560
19.6560
20.5360
20.5360
20.5360
20.5360
20.5360
20.5360
20.5360
20.5360
20.5360
20.5360
20.5360
20.5360
20.5360
20.5360
20.5360
20.5360
27.6982
27.6982
27.6982
27.6982
27.6982
27.6982
27.6982
27.6982
27.6982
27.6982
27.6982
27.6982
27.6982
27.6982
27.6982
27.6982
20.5642
20.5642
20.5642
20.5642
20.5642
20.5642
20.5642
20.5642
23.3559
23.3559
23.3559
23.3559
23.3559
23.3559
23.3559
23.3559
20.5642
20.5642
20.5642
20.5642
20.5642
20.5642
20.5642
20.5642
23.7709
23.7709
23.7709
23.7709
23.7709
23.7709
23.7709
23.7709
24.6426
24.6426
24.6426
24.6426
24.6426
24.6426
24.6426
24.6426
26.8978
26.8978
26.8978
26.8978
26.8978
26.8978
26.8978
26.8978
27.6982
27.6982
27.6982
27.6982
27.6982
27.6982
27.6982
27.6982
30.2826
30.2826
30.2826
30.2826
30.2826
30.2826
30.2826
30.2826
9.0250
9.0250
9.0250
9.0250
14.0403
14.0403
14.0403
14.0403
13.4544
13.4544
13.4544
13.4544
14.0403
14.0403
14.0403
14.0403
12.3526
12.3526
12.3526
12.3526
14.0403
14.0403
14.0403
14.0403
16.3981
16.3981
16.3981
16.3981
16.3981
16.3981
16.3981
16.3981
16.3759
16.3759
16.3759
16.3759
16.3759
16.3759
16.3759
16.3759
17.8526
17.8526
17.8526
17.8526
17.8526
17.8526
17.8526
17.8526
20.3087
20.3087
20.3087
20.3087
20.3087
20.3087
20.3087
20.3087
24.1520
24.1520
24.1520
24.1520
24.1520
24.1520
24.1520
24.1520
18.0737
18.0737
18.0737
18.0737
18.0737
18.0737
18.0737
18.0737
22.2817
22.2817
22.2817
22.2817
22.2817
22.2817
22.2817
22.2817
18.0737
18.0737
18.0737
18.0737
18.0737
18.0737
18.0737
18.0737
23.3694
23.3694
23.3694
23.3694
23.3694
23.3694
23.3694
23.3694
18.6820
18.6820
18.6820
18.6820
18.6820
18.6820
18.6820
18.6820
22.2817
22.2817
22.2817
22.2817
22.2817
22.2817
22.2817
22.2817
24.6779
24.6779
24.6779
24.6779
24.6779
24.6779
24.6779
24.6779
26.7701
26.7701
26.7701
26.7701
26.7701
26.7701
26.7701
26.7701
13.2559
13.2559
13.2559
13.2559
14.0403
14.0403
14.0403
14.0403
16.5197
16.5197
16.5197
16.5197
16.5197
16.5197
16.5197
16.5197
18.6732
18.6732
18.6732
18.6732
18.6732
18.6732
18.6732
18.6732
19.7202
19.7202
19.7202
19.7202
19.7202
19.7202
19.7202
19.7202
19.5092
19.5092
19.5092
19.5092
19.5092
19.5092
19.5092
19.5092
20.5562
20.5562
20.5562
20.5562
20.5562
20.5562
20.5562
20.5562
26.3133
26.3133
26.3133
26.3133
26.3133
26.3133
26.3133
26.3133
27.3080
27.3080
27.3080
27.3080
27.3080
27.3080
27.3080
27.3080
20.8653
20.8653
20.8653
20.8653
20.8653
20.8653
20.8653
20.8653
23.6636
23.6636
23.6636
23.6636
23.6636
23.6636
23.6636
23.6636
20.8653
20.8653
20.8653
20.8653
20.8653
20.8653
20.8653
20.8653
23.6636
23.6636
23.6636
23.6636
23.6636
23.6636
23.6636
23.6636
21.6386
21.6386
21.6386
21.6386
21.6386
21.6386
21.6386
21.6386
24.0797
24.0797
24.0797
24.0797
24.0797
24.0797
24.0797
24.0797
27.9183
27.9183
27.9183
27.9183
27.9183
27.9183
27.9183
27.9183
29.3652
29.3652
29.3652
29.3652
29.3652
29.3652
29.3652
29.3652
9.5000
9.5000
9.5000
9.5000
10.9995
10.9995
10.9995
10.9995
16.7188
16.7188
16.7188
16.7188
16.7188
16.7188
16.7188
16.7188
11.1734
11.1734
11.1734
11.1734
11.1734
11.1734
11.1734
11.1734
16.7188
16.7188
16.7188
16.7188
16.7188
16.7188
16.7188
16.7188
13.1638
13.1638
13.1638
13.1638
13.1638
13.1638
13.1638
13.1638
16.7188
16.7188
16.7188
16.7188
16.7188
16.7188
16.7188
16.7188
18.7598
18.7598
18.7598
18.7598
18.7598
18.7598
18.7598
18.7598
22.9444
22.9444
22.9444
22.9444
22.9444
22.9444
22.9444
22.9444
19.0250
19.0250
19.0250
19.0250
20.4495
20.4495
20.4495
20.4495
25.8829
25.8829
25.8829
25.8829
25.8829
25.8829
25.8829
25.8829
19.6826
19.6826
19.6826
19.6826
20.4495
20.4495
20.4495
20.4495
25.8829
25.8829
25.8829
25.8829
25.8829
25.8829
25.8829
25.8829
20.4370
20.4370
20.4370
20.4370
20.4733
20.4733
20.4733
20.4733
25.8829
25.8829
25.8829
25.8829
25.8829
25.8829
25.8829
25.8829
26.9363
26.9363
26.9363
26.9363
26.9363
26.9363
26.9363
26.9363
31.7971
31.7971
31.7971
31.7971
31.7971
31.7971
31.7971
31.7971
12.5931
12.5931
12.5931
12.5931
12.5931
12.5931
12.5931
12.5931
16.7188
16.7188
16.7188
16.7188
16.7188
16.7188
16.7188
16.7188
17.7396
17.7396
17.7396
17.7396
17.7396
17.7396
17.7396
17.7396
18.7342
18.7342
18.7342
18.7342
18.7342
18.7342
18.7342
18.7342
18.5337
18.5337
18.5337
18.5337
18.5337
18.5337
18.5337
18.5337
19.5284
19.5284
19.5284
19.5284
19.5284
19.5284
19.5284
19.5284
24.9976
24.9976
24.9976
24.9976
24.9976
24.9976
24.9976
24.9976
25.9426
25.9426
25.9426
25.9426
25.9426
25.9426
25.9426
25.9426
21.9635
21.9635
21.9635
21.9635
21.9635
21.9635
21.9635
21.9635
25.8829
25.8829
25.8829
25.8829
25.8829
25.8829
25.8829
25.8829
26.8526
26.8526
26.8526
26.8526
26.8526
26.8526
26.8526
26.8526
27.7975
27.7975
27.7975
27.7975
27.7975
27.7975
27.7975
27.7975
27.6070
27.6070
27.6070
27.6070
27.6070
27.6070
27.6070
27.6070
28.5520
28.5520
28.5520
28.5520
28.5520
28.5520
28.5520
28.5520
33.7478
33.7478
33.7478
33.7478
33.7478
33.7478
33.7478
33.7478
34.6455
34.6455
34.6455
34.6455
34.6455
34.6455
34.6455
34.6455
10.0000
10.0000
10.0000
10.0000
10.0000
10.0000
10.0000
10.0000
10.0000
10.0000
10.0000
10.0000
10.0000
10.0000
10.0000
10.0000
10.0000
10.0000
10.0000
10.0000
10.0000
10.0000
10.0000
10.0000
16.1765
16.1765
16.1765
16.1765
16.1765
16.1765
16.1765
16.1765
10.0000
10.0000
10.0000
10.0000
10.0000
10.0000
10.0000
10.0000
10.0000
10.0000
10.0000
10.0000
10.0000
10.0000
10.0000
10.0000
10.0000
10.0000
10.0000
10.0000
10.0000
10.0000
10.0000
10.0000
16.1765
16.1765
16.1765
16.1765
16.1765
16.1765
16.1765
16.1765
18.0737
18.0737
18.0737
18.0737
18.0737
18.0737
18.0737
18.0737
18.0737
18.0737
18.0737
18.0737
18.0737
18.0737
18.0737
18.0737
18.6985
18.6985
18.6985
18.6985
18.6985
18.6985
18.6985
18.6985
23.5593
23.5593
23.5593
23.5593
23.5593
23.5593
23.5593
23.5593
19.4152
19.4152
19.4152
19.4152
19.4152
19.4152
19.4152
19.4152
24.2761
24.2761
24.2761
24.2761
24.2761
24.2761
24.2761
24.2761
25.5895
25.5895
25.5895
25.5895
25.5895
25.5895
25.5895
25.5895
30.2073
30.2073
30.2073
30.2073
30.2073
30.2073
30.2073
30.2073
11.1794
11.1794
11.1794
11.1794
11.1794
11.1794
11.1794
11.1794
13.7914
13.7914
13.7914
13.7914
13.7914
13.7914
13.7914
13.7914
11.1794
11.1794
11.1794
11.1794
11.1794
11.1794
11.1794
11.1794
16.1765
16.1765
16.1765
16.1765
16.1765
16.1765
16.1765
16.1765
11.6083
11.6083
11.6083
11.6083
11.6083
11.6083
11.6083
11.6083
11.3129
11.3129
11.3129
11.3129
11.3129
11.3129
11.3129
11.3129
13.0604
13.0604
13.0604
13.0604
13.0604
13.0604
13.0604
13.0604
16.1765
16.1765
16.1765
16.1765
16.1765
16.1765
16.1765
16.1765
19.3692
19.3692
19.3692
19.3692
19.3692
19.3692
19.3692
19.3692
20.3142
20.3142
20.3142
20.3142
20.3142
20.3142
20.3142
20.3142
25.5099
25.5099
25.5099
25.5099
25.5099
25.5099
25.5099
25.5099
26.4076
26.4076
26.4076
26.4076
26.4076
26.4076
26.4076
26.4076
26.2267
26.2267
26.2267
26.2267
26.2267
26.2267
26.2267
26.2267
27.1244
27.1244
27.1244
27.1244
27.1244
27.1244
27.1244
27.1244
32.0604
32.0604
32.0604
32.0604
32.0604
32.0604
32.0604
32.0604
32.9132
32.9132
32.9132
32.9132
32.9132
32.9132
32.9132
32.9132
7.3509
7.3509
7.3509
7.3509
7.3509
7.3509
7.3509
7.3509
7.3509
7.3509
7.3509
7.3509
7.3509
7.3509
7.3509
7.3509
7.3509
7.3509
7.3509
7.3509
7.3509
7.3509
7.3509
7.3509
7.4301
7.4301
7.4301
7.4301
7.4301
7.4301
7.4301
7.4301
7.3509
7.3509
7.3509
7.3509
7.3509
7.3509
7.3509
7.3509
7.3509
7.3509
7.3509
7.3509
7.3509
7.3509
7.3509
7.3509
7.3509
7.3509
7.3509
7.3509
7.3509
7.3509
7.3509
7.3509
13.2536
13.2536
13.2536
13.2536
13.2536
13.2536
13.2536
13.2536
7.3509
7.3509
7.3509
7.3509
7.3509
7.3509
7.3509
7.3509
7.3509
7.3509
7.3509
7.3509
7.3509
7.3509
7.3509
7.3509
7.3509
7.3509
7.3509
7.3509
7.3509
7.3509
7.3509
7.3509
10.4323
10.4323
10.4323
10.4323
10.4323
10.4323
10.4323
10.4323
7.3509
7.3509
7.3509
7.3509
7.3509
7.3509
7.3509
7.3509
9.8704
9.8704
9.8704
9.8704
9.8704
9.8704
9.8704
9.8704
12.4292
12.4292
12.4292
12.4292
12.4292
12.4292
12.4292
12.4292
16.1057
16.1057
16.1057
16.1057
16.1057
16.1057
16.1057
16.1057
16.1342
16.1342
16.1342
16.1342
16.1342
16.1342
16.1342
16.1342
19.5833
19.5833
19.5833
19.5833
19.5833
19.5833
19.5833
19.5833
20.1223
20.1223
20.1223
20.1223
20.1223
20.1223
20.1223
20.1223
26.4301
26.4301
26.4301
26.4301
26.4301
26.4301
26.4301
26.4301
20.6187
20.6187
20.6187
20.6187
20.6187
20.6187
20.6187
20.6187
25.7937
25.7937
25.7937
25.7937
25.7937
25.7937
25.7937
25.7937
26.2612
26.2612
26.2612
26.2612
26.2612
26.2612
26.2612
26.2612
32.2536
32.2536
32.2536
32.2536
32.2536
32.2536
32.2536
32.2536
18.5637
18.5637
18.5637
18.5637
18.5637
18.5637
18.5637
18.5637
22.7436
22.7436
22.7436
22.7436
22.7436
22.7436
22.7436
22.7436
25.5623
25.5623
25.5623
25.5623
25.5623
25.5623
25.5623
25.5623
29.4323
29.4323
29.4323
29.4323
29.4323
29.4323
29.4323
29.4323
24.9815
24.9815
24.9815
24.9815
24.9815
24.9815
24.9815
24.9815
28.8704
28.8704
28.8704
28.8704
28.8704
28.8704
28.8704
28.8704
31.4292
31.4292
31.4292
31.4292
31.4292
31.4292
31.4292
31.4292
35.1057
35.1057
35.1057
35.1057
35.1057
35.1057
35.1057
35.1057
7.7378
9.2273
12.4843
14.9199
8.2617
9.2273
13.7393
14.9199
11.7607
11.7607
12.9010
17.0416
12.8918
12.8918
17.7300
17.7300
12.9947
13.7038
14.4147
18.7782
12.9947
13.7038
16.5851
18.7782
18.7591
18.7591
18.7591
20.7938
18.7591
18.7591
20.0128
20.7938
12.3199
12.7210
13.4320
17.9311
12.7422
12.7422
17.6011
17.9311
18.2525
18.2525
18.2525
20.6027
18.2525
18.2525
20.3444
20.6027
19.2723
19.2723
19.2723
21.6388
19.2723
19.2723
20.2831
21.6388
25.2118
25.2118
25.2118
25.2118
25.2118
25.2118
25.2118
25.2118
14.7212
14.7212
14.7212
17.4354
14.7212
14.7212
17.3054
17.4354
18.1486
18.1486
18.1486
18.6234
18.1486
18.1486
19.6425
19.6425
18.6880
18.6880
18.6880
21.1679
18.6880
18.6880
18.6880
21.1679
23.6421
23.6421
23.6421
23.6421
23.6421
23.6421
23.6421
23.6421
19.7283
19.7283
19.7283
20.1834
19.7283
19.7283
20.9716
20.9716
23.0615
23.0615
23.0615
23.0615
23.0615
23.0615
23.0615
23.0615
24.7660
24.7660
24.7660
24.7660
24.7660
24.7660
24.7660
24.7660
28.9581
28.9581
28.9581
28.9581
28.9581
28.9581
28.9581
28.9581
17.3509
17.3509
21.8601
21.8601
17.8486
17.8486
23.0524
23.0524
21.1727
21.1727
22.2560
22.2560
22.2472
22.2472
26.8435
26.8435
22.3450
22.3450
22.3450
22.3450
22.3450
22.3450
25.7558
25.7558
27.8211
27.8211
27.8211
27.8211
27.8211
27.8211
29.0122
29.0122
21.7039
21.7039
22.1270
22.1270
22.1051
22.1051
26.7210
26.7210
27.3399
27.3399
27.3399
27.3399
27.3399
27.3399
29.3272
29.3272
28.3087
28.3087
28.3087
28.3087
28.3087
28.3087
29.2689
29.2689
33.9512
33.9512
33.9512
33.9512
33.9512
33.9512
33.9512
33.9512
23.9851
23.9851
23.9851
23.9851
23.9851
23.9851
26.4401
26.4401
27.2412
27.2412
27.2412
27.2412
27.2412
27.2412
28.6604
28.6604
27.7536
27.7536
27.7536
27.7536
27.7536
27.7536
27.7536
27.7536
32.4600
32.4600
32.4600
32.4600
32.4600
32.4600
32.4600
32.4600
28.7419
28.7419
28.7419
28.7419
28.7419
28.7419
29.9230
29.9230
31.9085
31.9085
31.9085
31.9085
31.9085
31.9085
31.9085
31.9085
33.5277
33.5277
33.5277
33.5277
33.5277
33.5277
33.5277
33.5277
37.5102
37.5102
37.5102
37.5102
37.5102
37.5102
37.5102
37.5102
8.1451
8.1451
8.1451
8.1451
8.1451
8.1451
8.1451
8.1451
11.7607
11.7607
11.7607
11.7607
11.7607
11.7607
11.7607
11.7607
13.6787
13.6787
13.6787
13.6787
13.6787
13.6787
13.6787
13.6787
19.7464
19.7464
19.7464
19.7464
19.7464
19.7464
19.7464
19.7464
12.3294
12.3294
12.3294
12.3294
12.3294
12.3294
12.3294
12.3294
19.2132
19.2132
19.2132
19.2132
19.2132
19.2132
19.2132
19.2132
20.2866
20.2866
20.2866
20.2866
20.2866
20.2866
20.2866
20.2866
26.5387
26.5387
26.5387
26.5387
26.5387
26.5387
26.5387
26.5387
15.4960
15.4960
15.4960
15.4960
15.4960
15.4960
15.4960
15.4960
17.8556
17.8556
17.8556
17.8556
17.8556
17.8556
17.8556
17.8556
18.9929
18.9929
18.9929
18.9929
18.9929
18.9929
18.9929
18.9929
23.2481
23.2481
23.2481
23.2481
23.2481
23.2481
23.2481
23.2481
18.8403
18.8403
18.8403
18.8403
18.8403
18.8403
18.8403
18.8403
22.6455
22.6455
22.6455
22.6455
22.6455
22.6455
22.6455
22.6455
25.4303
25.4303
25.4303
25.4303
25.4303
25.4303
25.4303
25.4303
29.8653
29.8653
29.8653
29.8653
29.8653
29.8653
29.8653
29.8653
16.4834
16.4834
19.9226
19.9226
16.4834
16.4834
19.9226
19.9226
20.1140
20.1140
20.1359
20.1359
20.1140
20.1140
20.1359
20.1359
20.0615
20.0615
20.0615
20.0615
20.0615
20.0615
20.0615
20.0615
26.4301
26.4301
26.4301
26.4301
26.4301
26.4301
26.4301
26.4301
20.3462
20.3462
20.3462
20.3462
20.3462
20.3462
20.3462
20.3462
25.9729
25.9729
25.9729
25.9729
25.9729
25.9729
25.9729
25.9729
25.8884
25.8884
25.8884
25.8884
25.8884
25.8884
25.8884
25.8884
32.2536
32.2536
32.2536
32.2536
32.2536
32.2536
32.2536
32.2536
22.7859
22.7859
22.7859
22.7859
22.7859
22.7859
22.7859
22.7859
25.8791
25.8791
25.8791
25.8791
25.8791
25.8791
25.8791
25.8791
25.4615
25.4615
25.4615
25.4615
25.4615
25.4615
25.4615
25.4615
29.4323
29.4323
29.4323
29.4323
29.4323
29.4323
29.4323
29.4323
27.3048
27.3048
27.3048
27.3048
27.3048
27.3048
27.3048
27.3048
28.9157
28.9157
28.9157
28.9157
28.9157
28.9157
28.9157
28.9157
31.0183
31.0183
31.0183
31.0183
31.0183
31.0183
31.0183
31.0183
35.1057
35.1057
35.1057
35.1057
35.1057
35.1057
35.1057
35.1057
8.5738
8.5738
8.5738
8.5738
8.5738
8.5738
8.5738
8.5738
8.5738
8.5738
8.5738
8.5738
8.5738
8.5738
8.5738
8.5738
15.2080
15.2080
15.2080
15.2080
15.2080
15.2080
15.2080
15.2080
15.2080
15.2080
15.2080
15.2080
15.2080
15.2080
15.2080
15.2080
8.5738
8.5738
8.5738
8.5738
8.5738
8.5738
8.5738
8.5738
8.5738
8.5738
8.5738
8.5738
8.5738
8.5738
8.5738
8.5738
15.2080
15.2080
15.2080
15.2080
15.2080
15.2080
15.2080
15.2080
15.2080
15.2080
15.2080
15.2080
15.2080
15.2080
15.2080
15.2080
8.5738
8.5738
8.5738
8.5738
8.5738
8.5738
8.5738
8.5738
11.0020
11.0020
11.0020
11.0020
11.0020
11.0020
11.0020
11.0020
15.2080
15.2080
15.2080
15.2080
15.2080
15.2080
15.2080
15.2080
15.2080
15.2080
15.2080
15.2080
15.2080
15.2080
15.2080
15.2080
15.1791
15.1791
15.1791
15.1791
15.1791
15.1791
15.1791
15.1791
15.1918
15.1918
15.1918
15.1918
15.1918
15.1918
15.1918
15.1918
15.2080
15.2080
15.2080
15.2080
15.2080
15.2080
15.2080
15.2080
15.2080
15.2080
15.2080
15.2080
15.2080
15.2080
15.2080
15.2080
15.6592
15.6592
18.9264
18.9264
15.6592
15.6592
18.9264
18.9264
18.8436
18.8436
19.1291
19.1291
18.8436
18.8436
19.1291
19.1291
15.6592
15.6592
18.9264
18.9264
15.6592
15.6592
18.9264
18.9264
18.8436
18.8436
19.1291
19.1291
18.8436
18.8436
19.1291
19.1291
15.6592
15.6592
18.9264
18.9264
15.6592
15.6592
18.9264
18.9264
18.8436
18.8436
19.1291
19.1291
18.8436
18.8436
19.1291
19.1291
15.6592
15.6592
18.9264
18.9264
15.6592
15.6592
18.9264
18.9264
18.8436
18.8436
19.1291
19.1291
18.8436
18.8436
19.1291
19.1291
20.6809
20.6809
20.6809
20.6809
20.6809
20.6809
20.6809
20.6809
24.5851
24.5851
24.5851
24.5851
24.5851
24.5851
24.5851
24.5851
20.6809
20.6809
20.6809
20.6809
20.6809
20.6809
20.6809
20.6809
24.5851
24.5851
24.5851
24.5851
24.5851
24.5851
24.5851
24.5851
20.6809
20.6809
20.6809
20.6809
20.6809
20.6809
20.6809
20.6809
24.5851
24.5851
24.5851
24.5851
24.5851
24.5851
24.5851
24.5851
20.6809
20.6809
20.6809
20.6809
20.6809
20.6809
20.6809
20.6809
24.5851
24.5851
24.5851
24.5851
24.5851
24.5851
24.5851
24.5851
9.0250
9.0250
9.0250
9.0250
13.3383
13.3383
13.3383
13.3383
9.0250
9.0250
9.0250
9.0250
13.3383
13.3383
13.3383
13.3383
9.0250
9.0250
13.1420
13.1420
13.3383
13.3383
13.3383
13.3383
9.0250
9.0250
13.1420
13.1420
13.3383
13.3383
13.3383
13.3383
15.5571
15.5571
15.5571
15.5571
15.5571
15.5571
15.5571
15.5571
15.5571
15.5571
15.5571
15.5571
15.5571
15.5571
15.5571
15.5571
15.5571
15.5571
15.5571
15.5571
15.5571
15.5571
15.5571
15.5571
15.5571
15.5571
15.5571
15.5571
15.5571
15.5571
15.5571
15.5571
17.1701
17.1701
17.1701
17.1701
17.1701
17.1701
17.1701
17.1701
17.1701
17.1701
17.1701
17.1701
17.1701
17.1701
17.1701
17.1701
17.1701
17.1701
17.1701
17.1701
17.1701
17.1701
17.1701
17.1701
17.1701
17.1701
17.1701
17.1701
17.1701
17.1701
17.1701
17.1701
17.1701
17.1701
17.1701
17.1701
17.1701
17.1701
17.1701
17.1701
17.1701
17.1701
17.1701
17.1701
17.1701
17.1701
17.1701
17.1701
17.1701
17.1701
17.1701
17.1701
17.1701
17.1701
17.1701
17.1701
17.1701
17.1701
17.1701
17.1701
17.1701
17.1701
17.1701
17.1701
9.0250
9.0250
9.0250
9.0250
13.3383
13.3383
13.3383
13.3383
9.0250
9.0250
9.0250
9.0250
13.3383
13.3383
13.3383
13.3383
9.0250
9.0250
13.1420
13.1420
13.3383
13.3383
13.3383
13.3383
9.0250
9.0250
13.1420
13.1420
13.3383
13.3383
13.3383
13.3383
15.5571
15.5571
15.5571
15.5571
15.5571
15.5571
15.5571
15.5571
15.5571
15.5571
15.5571
15.5571
15.5571
15.5571
15.5571
15.5571
15.5571
15.5571
15.5571
15.5571
15.5571
15.5571
15.5571
15.5571
15.5571
15.5571
15.5571
15.5571
15.5571
15.5571
15.5571
15.5571
17.1701
17.1701
17.1701
17.1701
17.1701
17.1701
17.1701
17.1701
17.1701
17.1701
17.1701
17.1701
17.1701
17.1701
17.1701
17.1701
17.1701
17.1701
17.1701
17.1701
17.1701
17.1701
17.1701
17.1701
17.1701
17.1701
17.1701
17.1701
17.1701
17.1701
17.1701
17.1701
17.1701
17.1701
17.1701
17.1701
17.1701
17.1701
17.1701
17.1701
17.1701
17.1701
17.1701
17.1701
17.1701
17.1701
17.1701
17.1701
17.1701
17.1701
17.1701
17.1701
17.1701
17.1701
17.1701
17.1701
17.1701
17.1701
17.1701
17.1701
17.1701
17.1701
17.1701
17.1701
9.5000
9.5000
9.5000
9.5000
9.5000
9.5000
9.5000
9.5000
9.5000
9.5000
9.5000
9.5000
9.5000
9.5000
9.5000
9.5000
9.5000
9.5000
9.5000
9.5000
9.5000
9.5000
9.5000
9.5000
9.5000
9.5000
9.5000
9.5000
9.5000
9.5000
9.5000
9.5000
9.5000
9.5000
13.4132
13.4132
9.5000
9.5000
13.4132
13.4132
9.5000
9.5000
13.4132
13.4132
9.5000
9.5000
13.4132
13.4132
9.5000
9.5000
13.4132
13.4132
9.5000
9.5000
13.4132
13.4132
9.5000
9.5000
13.4132
13.4132
9.5000
9.5000
13.4132
13.4132
9.5000
14.1209
9.5000
14.1209
9.5000
14.1209
9.5000
14.1209
9.5000
14.1209
9.5000
14.1209
9.5000
14.1209
9.5000
14.1209
12.2683
12.2683
12.2683
12.2683
12.2683
12.2683
12.2683
12.2683
12.2683
12.2683
12.2683
12.2683
12.2683
12.2683
12.2683
12.2683
16.8189
16.8189
16.8189
16.8189
16.8189
16.8189
16.8189
16.8189
16.8330
16.8330
16.8330
16.8330
16.8330
16.8330
16.8330
16.8330
16.8189
16.8189
16.8189
16.8189
16.8189
16.8189
16.8189
16.8189
16.8330
16.8330
16.8330
16.8330
16.8330
16.8330
16.8330
16.8330
9.5000
9.5000
9.5000
9.5000
9.5000
9.5000
9.5000
9.5000
9.5000
9.5000
9.5000
9.5000
9.5000
9.5000
9.5000
9.5000
9.5000
9.5000
9.5000
9.5000
9.5000
9.5000
9.5000
9.5000
9.5000
9.5000
9.5000
9.5000
9.5000
9.5000
9.5000
9.5000
9.5000
9.5000
13.4132
13.4132
9.5000
9.5000
13.4132
13.4132
9.5000
9.5000
13.4132
13.4132
9.5000
9.5000
13.4132
13.4132
9.5000
9.5000
13.4132
13.4132
9.5000
9.5000
13.4132
13.4132
9.5000
9.5000
13.4132
13.4132
9.5000
9.5000
13.4132
13.4132
9.5000
14.1209
9.5000
14.1209
9.5000
14.1209
9.5000
14.1209
9.5000
14.1209
9.5000
14.1209
9.5000
14.1209
9.5000
14.1209
12.2683
12.2683
12.2683
12.2683
12.2683
12.2683
12.2683
12.2683
12.2683
12.2683
12.2683
12.2683
12.2683
12.2683
12.2683
12.2683
16.8189
16.8189
16.8189
16.8189
16.8189
16.8189
16.8189
16.8189
16.8330
16.8330
16.8330
16.8330
16.8330
16.8330
16.8330
16.8330
16.8189
16.8189
16.8189
16.8189
16.8189
16.8189
16.8189
16.8189
16.8330
16.8330
16.8330
16.8330
16.8330
16.8330
16.8330
16.8330
10.0000
10.0000
10.0000
10.0000
10.0000
10.0000
10.0000
10.0000
10.0000
10.0000
10.0000
10.0000
10.0000
10.0000
10.0000
10.0000
10.0000
10.0000
10.0000
10.0000
10.0000
10.0000
10.0000
10.0000
10.0000
10.0000
10.0000
10.0000
10.0000
10.0000
10.0000
10.0000
10.0000
10.0000
10.0000
10.0000
10.0000
10.0000
10.0000
10.0000
10.0000
10.0000
10.0000
10.0000
10.0000
10.0000
10.0000
10.0000
10.0000
10.0000
10.0000
10.0000
10.0000
10.0000
10.0000
10.0000
10.0000
10.0000
10.0000
10.0000
10.0000
10.0000
10.0000
10.0000
17.1701
17.1701
17.1701
17.1701
17.1701
17.1701
17.1701
17.1701
17.1701
17.1701
17.1701
17.1701
17.1701
17.1701
17.1701
17.1701
17.1701
17.1701
17.1701
17.1701
17.1701
17.1701
17.1701
17.1701
17.1701
17.1701
17.1701
17.1701
17.1701
17.1701
17.1701
17.1701
17.1701
17.1701
17.1701
17.1701
17.1701
17.1701
17.1701
17.1701
17.1701
17.1701
17.1701
17.1701
17.1701
17.1701
17.1701
17.1701
17.1701
17.1701
17.1701
17.1701
17.1701
17.1701
17.1701
17.1701
17.1701
17.1701
17.1701
17.1701
17.1701
17.1701
17.1701
17.1701
10.0000
10.0000
10.0000
10.0000
10.0000
10.0000
10.0000
10.0000
10.0000
10.0000
10.0000
10.0000
10.0000
10.0000
10.0000
10.0000
10.0000
10.0000
10.0000
10.0000
10.0000
10.0000
10.0000
10.0000
10.0000
10.0000
10.0000
10.0000
10.0000
10.0000
10.0000
10.0000
10.0000
10.0000
10.0000
10.0000
10.0000
10.0000
10.0000
10.0000
10.0000
10.0000
10.0000
10.0000
10.0000
10.0000
10.0000
10.0000
10.0000
10.0000
10.0000
10.0000
10.0000
10.0000
10.0000
10.0000
10.0000
10.0000
10.0000
10.0000
10.0000
10.0000
10.0000
10.0000
17.1701
17.1701
17.1701
17.1701
17.1701
17.1701
17.1701
17.1701
17.1701
17.1701
17.1701
17.1701
17.1701
17.1701
17.1701
17.1701
17.1701
17.1701
17.1701
17.1701
17.1701
17.1701
17.1701
17.1701
17.1701
17.1701
17.1701
17.1701
17.1701
17.1701
17.1701
17.1701
17.1701
17.1701
17.1701
17.1701
17.1701
17.1701
17.1701
17.1701
17.1701
17.1701
17.1701
17.1701
17.1701
17.1701
17.1701
17.1701
17.1701
17.1701
17.1701
17.1701
17.1701
17.1701
17.1701
17.1701
17.1701
17.1701
17.1701
17.1701
17.1701
17.1701
17.1701
17.1701
